0.486903   0.497992   0.480408
-0.329484   -0.347491   0.483003
0.497042   -0.339173   -0.351672
-0.322377   -0.494493   -0.351631
-0.159752   -0.499634   0.495803
0.00242921   -0.322298   -0.496822
-0.187697   -0.323658   -0.337713
0.0106123   0.492112   -0.327301
0.161051   0.498073   0.496777
0.323203   -0.337606   0.497506
0.158784   -0.323554   -0.306933
0.337547   0.489799   -0.329742
-0.492062   -0.163083   -0.492807
-0.330952   0.00148604   -0.497575
-0.484136   0.00507215   -0.33675
-0.347607   -0.168711   -0.337335
-0.185909   -0.165045   -0.498357
0.0124786   0.0122796   -0.490129
-0.159322   -0.000676362   -0.34368
-0.0155258   -0.182616   -0.334353
0.169039   -0.182452   0.489722
0.350025   -0.0110843   0.485286
0.17579   -0.00103572   -0.338964
0.321988   -0.167963   -0.340055
-0.498863   0.161142   -0.490448
-0.342766   0.348546   -0.499821
-0.480458   0.354689   -0.335933
-0.31787   0.187406   -0.355209
-0.14166   0.171933   -0.494457
0.000295812   0.347871   -0.493457
-0.167219   0.351594   -0.339756
0.0114854   0.158339   -0.325861
0.173872   0.167611   -0.482061
0.316014   0.344474   0.498139
0.18362   0.31336   -0.331131
0.331869   0.156193   -0.326323
-0.496818   0.494837   -0.157783
-0.346491   -0.322383   -0.163226
0.498759   -0.344348   -0.0089566
-0.322138   -0.483692   0.0179418
-0.184639   -0.499834   -0.171421
-0.00693174   -0.348339   -0.1611
-0.163004   -0.329185   0.00670416
0.0033375   -0.494304   0.00184664
0.182232   0.493312   -0.178318
0.337166   -0.355746   -0.162131
0.169369   -0.358751   -0.00136856
0.332893   0.491014   0.00675723
0.486733   -0.173543   -0.183703
-0.323602   0.022213   -0.162602
0.49862   -0.01228   0.0121405
-0.318084   -0.165021   0.0012835
-0.176549   -0.163247   -0.17341
0.000257373   0.00618175   -0.152938
-0.166448   0.00417275   -0.00942755
0.00555976   -0.179105   -0.0315104
0.180318   -0.148389   -0.172767
0.33984   -0.013061   -0.159305
0.153217   -0.0110991   -2.9763e-05
0.326354   -0.190757   -0.00814475
-0.498676   0.170695   -0.177438
-0.338661   0.333663   -0.177516
-0.480811   0.332905   0.0081062
-0.319627   0.165489   0.018861
-0.157713   0.182651   -0.178012
-0.00699551   0.346539   -0.164537
-0.164555   0.333963   0.00785266
-0.0172372   0.176564   0.0118208
0.173723   0.150652   -0.158735
0.336511   0.330116   -0.153787
0.162389   0.329395   -0.0117293
0.343916   0.173852   0.00420731
0.488153   -0.482408   0.171851
-0.352779   -0.331209   0.160932
0.49025   -0.343746   0.33973
-0.348572   0.495107   0.328654
-0.166915   0.49465   0.184342
0.0141496   -0.318907   0.179568
-0.178729   -0.321867   0.321458
0.0131757   -0.476815   0.348362
0.175029   -0.494738   0.166834
0.331543   -0.335453   0.153241
0.162476   -0.336296   0.342398
0.329326   -0.496569   0.31936
-0.499925   -0.177197   0.149844
-0.34318   -0.00230228   0.180981
0.494391   -0.0195396   0.32447
-0.34316   -0.173647   0.341745
-0.176463   -0.152609   0.183665
-0.0074062   -0.0181309   0.168676
-0.172107   0.0184084   0.341909
-0.0254179   -0.156325   0.348901
0.171785   -0.182671   0.174787
0.342606   -0.00619543   0.157908
0.180464   -0.0094359   0.320328
0.334817   -0.177464   0.320369
-0.492494   0.161157   0.16357
-0.326145   0.329781   0.17575
0.481216   0.327441   0.320586
-0.347202   0.16701   0.332083
-0.16582   0.171617   0.183348
-0.00158394   0.348534   0.180371
-0.163592   0.34203   0.348653
0.0198615   0.178774   0.353699
0.151995   0.16751   0.143118
0.33825   0.332045   0.155115
0.1758   0.347463   0.329949
0.313515   0.157643   0.32548
