-0.0722502   0.518388   0.259753
-1.09367   -0.522913   0.335013
-0.863972   -0.694422   -0.989748
0.191537   0.972798   0.012909
0.311452   -0.749307   0.808993
0.50535   0.698149   0.662376
-1.61432   -2.29774   0.438009
0.347688   -0.492023   0.0309241
-1.82645   0.0368406   0.030837
0.294982   -0.471253   -0.754228
1.33231   2.21587   -1.13307
0.375851   -0.463527   -0.644017
-0.06634   -1.02671   1.18563
-0.652184   -0.619773   1.23954
-2.54459   1.0044   1.90931
0.910748   -1.66443   -1.80284
0.379923   -0.0473691   0.336223
1.56243   -0.144758   -1.05195
-0.334414   1.03594   0.509449
0.897532   -1.24749   -0.479395
-1.61903   -1.58687   2.90757
1.17738   0.0750933   -1.6139
-0.8403   1.48848   -0.174313
-0.414583   0.988801   0.417973
0.39361   0.31654   0.63313
-0.154867   0.342662   -0.323618
1.78958   1.86563   -0.344344
-0.744644   -0.115998   0.394463
-0.396952   0.632046   -0.125573
-0.122232   1.31972   -0.102748
0.997784   0.711351   1.67561
-0.619317   -1.78471   1.29746
-0.232577   -0.0187291   -0.524185
-0.490277   0.926641   -0.501054
-1.24819   0.225544   0.90542
-0.92797   1.16227   0.743633
0.259165   0.863866   -1.01881
-1.12818   -1.03952   0.585907
0.088949   0.397873   -0.864022
-0.376278   -0.866259   0.694971
-0.707005   -0.73828   -0.560494
-1.30831   0.186893   0.325119
2.03901   -0.594162   -0.157128
0.562817   -0.562696   -0.64103
-0.153578   -1.06488   0.875511
0.346959   0.820216   -0.290999
0.081227   -0.108517   -0.276912
-1.45377   1.13732   0.475135
-0.28207   -0.106787   -0.530386
0.830405   -1.02156   -1.01158
1.51138   -0.718539   -0.321286
-0.559259   -0.117347   0.325486
0.375771   -0.781201   0.057441
-0.572596   0.994655   -1.42815
0.212956   0.309212   0.51051
0.340244   -0.0997978   -0.0753771
-0.903575   0.00319231   0.733134
0.668201   1.07432   -1.58852
-0.0662011   0.59456   -0.289624
0.666284   1.25756   0.196301
0.792259   0.647676   -1.74418
-0.954844   -0.785817   -1.00807
-0.802292   -0.489304   0.681373
0.718133   -0.560613   1.2244
-0.903487   0.964494   0.122274
-2.08264   -0.0129904   0.461658
0.59716   0.0956422   0.158936
-0.164188   -0.49083   -1.06039
0.979793   -0.127353   -1.65752
-0.254594   -0.294355   -0.736528
0.41303   0.629207   0.577299
-0.189976   -0.162978   -0.517022
-0.919253   0.438855   0.452235
-0.997999   0.702503   0.540653
-0.0440989   -0.282482   -0.612207
1.6402   -1.39828   0.278933
-0.414823   -0.154378   0.557957
0.200912   0.824842   0.572737
-0.989341   -0.668395   1.96096
-0.558531   0.57022   -0.633133
0.52709   0.866893   0.837421
0.994755   1.40562   0.537103
1.59473   -1.27226   -1.31774
-0.589296   0.140452   -0.564554
1.29453   0.204943   1.18757
0.856423   -0.413027   0.873098
-1.00839   0.446105   -0.976269
1.28769   1.34209   -1.14005
0.528082   0.566225   1.3521
-0.545206   -1.77285   0.48696
0.042262   -0.392216   -1.37311
1.77926   -1.33317   -0.497298
-0.815428   -1.38099   -0.799671
-0.897825   1.24138   0.743872
0.4635   0.319107   0.253135
1.50804   0.173976   -0.458097
0.111882   0.578694   -0.967554
1.71766   0.826358   1.20566
0.526387   0.70208   -1.57245
-0.943803   0.29396   0.236084
-1.44864   -0.155255   0.731671
0.209537   -1.12667   0.0337438
0.620107   0.0261268   0.0530732
0.748372   -1.05347   -0.623601
-0.208107   -0.162058   0.0179167
0.852743   -1.06564   -0.558333
-0.106451   -0.741751   1.37325
-0.226924   -0.119548   -0.588696
