0.421667   0.418136   -0.447713
-0.419683   -0.401734   -0.424502
0.42065   -0.422679   -0.271464
-0.426928   0.40742   -0.286926
-0.26129   0.438242   -0.452242
-0.0785166   -0.402214   -0.438315
-0.257062   -0.412388   -0.269011
-0.0926123   0.426782   -0.269809
0.0859672   0.413236   -0.429514
0.24582   -0.428749   -0.445845
0.0919222   -0.406775   -0.278086
0.249207   0.412425   -0.265481
0.417797   -0.25046   -0.434104
-0.428563   -0.0848238   -0.455766
0.431684   -0.088836   -0.278642
-0.414068   -0.253398   -0.262223
-0.243547   -0.262031   -0.455258
-0.0845406   -0.0783589   -0.457673
-0.260517   -0.0769865   -0.305782
-0.0832423   -0.242654   -0.286386
0.0902367   -0.242733   -0.441867
0.253727   -0.0896588   -0.446269
0.0837626   -0.0808282   -0.296815
0.254534   -0.241687   -0.288282
0.429868   0.104333   -0.455656
-0.421442   0.257796   -0.474391
0.413489   0.261858   -0.262674
-0.437301   0.111685   -0.300329
-0.233291   0.104541   -0.458491
-0.0655237   0.248973   -0.433493
-0.258378   0.253527   -0.290094
-0.0942936   0.0664323   -0.29292
0.104558   0.0932804   -0.465848
0.257829   0.250265   -0.426448
0.0751992   0.231493   -0.274096
0.257107   0.0753381   -0.254981
0.416189   0.414271   -0.103266
-0.413205   -0.421084   -0.106454
0.427163   -0.420515   0.0333374
-0.40171   0.404014   0.046318
-0.254012   0.417763   -0.117681
-0.072674   -0.39833   -0.139222
-0.229309   -0.407631   0.0488913
-0.065978   0.426046   0.0553809
0.0810152   0.435533   -0.114567
0.248534   -0.414859   -0.125898
0.0768053   -0.417016   0.0719692
0.219004   0.412002   0.0552142
0.420546   -0.243517   -0.114358
-0.399165   -0.0686305   -0.123343
0.422021   -0.0806916   0.0781504
-0.402328   -0.243065   0.0680163
-0.253418   -0.255519   -0.107911
-0.0864577   -0.0960334   -0.113857
-0.244354   -0.0880232   0.0431085
-0.0715692   -0.224924   0.0593941
0.0953534   -0.243228   -0.119574
0.254455   -0.0817717   -0.0985566
0.087568   -0.0857112   0.0494944
0.247135   -0.269727   0.0436893
0.438268   0.0805852   -0.113979
-0.428582   0.234486   -0.121067
0.437768   0.250895   0.0493315
-0.402207   0.0824756   0.0410214
-0.239291   0.0999777   -0.132522
-0.075457   0.259925   -0.0995345
-0.237878   0.250738   0.0707489
-0.0948146   0.0617885   0.0516574
0.0766056   0.0611894   -0.12874
0.24347   0.248372   -0.120396
0.0858526   0.199036   0.0401964
0.268606   0.0834246   0.0657556
0.407337   0.415455   0.212232
-0.418667   -0.426792   0.202291
0.39895   -0.407811   0.393649
-0.41882   0.440399   0.385532
-0.23319   0.415217   0.216412
-0.0604063   -0.408919   0.23549
-0.248134   -0.418964   0.382242
-0.0769457   0.44437   0.412675
0.0881607   0.431817   0.246696
0.264321   -0.41855   0.20888
0.0935746   -0.395874   0.391642
0.244625   0.415601   0.392889
0.418517   -0.244146   0.220878
-0.409228   -0.0677736   0.226036
0.429614   -0.0735971   0.36599
-0.419897   -0.25871   0.383088
-0.231253   -0.253032   0.21271
-0.0746138   -0.0791733   0.229343
-0.256361   -0.104137   0.37822
-0.0811079   -0.232582   0.373929
0.0873771   -0.246575   0.213571
0.245192   -0.102643   0.220815
0.0961981   -0.083864   0.393148
0.258585   -0.243888   0.394895
0.428884   0.10285   0.229198
-0.400894   0.275683   0.241136
0.410413   0.258021   0.380121
-0.390443   0.0962365   0.388521
-0.225011   0.072561   0.232311
-0.0510641   0.2431   0.21165
-0.230521   0.249082   0.380813
-0.0575049   0.0811958   0.383305
0.104113   0.064087   0.237914
0.225443   0.270144   0.220734
0.0730826   0.275061   0.393091
0.265303   0.0762101   0.381733
