0.48737   0.490142   0.49288
-0.332342   -0.358981   -0.495099
-0.498046   -0.334483   -0.334819
-0.330842   -0.489838   -0.314524
-0.162033   0.485958   -0.480166
-0.0268002   -0.333152   0.47335
-0.171138   -0.327667   -0.325736
-0.00314252   -0.469446   -0.327125
0.167643   -0.49855   -0.491846
0.333567   -0.34202   -0.483637
0.179813   -0.336699   -0.317833
0.331812   -0.493074   -0.322309
-0.492085   -0.167533   -0.489227
-0.337215   -0.00301868   -0.491066
-0.499773   0.014166   -0.315922
-0.354346   -0.151005   -0.318669
-0.173215   -0.18233   -0.491368
-0.00419444   -0.012484   0.473495
-0.165069   -0.01179   -0.357655
-0.00331712   -0.178565   -0.330555
0.163626   -0.208269   -0.489598
0.351972   -0.000980538   -0.487374
0.146946   0.0130014   -0.353888
0.343876   -0.166088   -0.334426
-0.495194   0.192808   0.477368
-0.328654   0.331299   -0.496385
-0.489136   0.341569   -0.34672
-0.3159   0.16559   -0.32916
-0.167245   0.149949   0.479039
0.000564491   0.320944   0.479041
-0.158004   0.333175   -0.312858
-0.00848388   0.170672   -0.345724
0.15857   0.180773   -0.485305
0.324156   0.346757   -0.466672
0.136166   0.354905   -0.336237
0.347338   0.168047   -0.342311
-0.492096   -0.485234   -0.156539
-0.335798   -0.32284   -0.163118
0.497371   -0.32336   0.000825753
-0.33144   0.490044   -0.00660876
-0.163715   -0.498458   -0.152217
-0.00996008   -0.33289   -0.134387
-0.170656   -0.33633   0.00796294
0.00284691   0.495963   0.00121123
0.163504   -0.495941   -0.170943
0.339199   -0.330696   -0.15811
0.180959   -0.328798   -0.0073818
0.353429   -0.492833   0.00235215
0.489568   -0.164045   -0.155494
-0.340051   0.0233993   -0.16659
0.484037   -0.015584   -0.00236158
-0.342322   -0.156285   -0.0112477
-0.173568   -0.170078   -0.158322
-0.0155015   0.00177311   -0.181911
-0.187618   0.00791018   -0.00277593
0.00507072   -0.157509   0.00694355
0.165528   -0.167198   -0.179113
0.321561   -0.00987687   -0.162754
0.180546   -0.0256045   0.0119589
0.330289   -0.173797   -0.0015523
0.480214   0.176366   -0.155509
-0.355592   0.320876   -0.187755
-0.499798   0.333044   0.00492524
-0.346616   0.157167   -0.00221126
-0.165434   0.16989   -0.160844
-0.0014048   0.326599   -0.156949
-0.14792   0.34117   0.00667565
0.050055   0.170943   -0.00740873
0.1729   0.172444   -0.192923
0.331987   0.334825   -0.167026
0.179633   0.35757   -0.00464274
0.303937   0.154559   -0.00991967
-0.494976   -0.496953   0.163295
-0.346354   -0.330567   0.176802
0.49534   -0.35557   0.339185
-0.321807   -0.493856   0.337516
-0.166115   -0.499397   0.147754
-0.00507627   -0.341167   0.141179
-0.164762   -0.331536   0.297889
0.0114317   -0.495719   0.31908
0.172672   -0.495267   0.171596
0.349484   -0.322813   0.167247
0.172279   -0.331909   0.335566
0.324151   0.487545   0.335744
-0.48825   -0.167967   0.150229
-0.34714   0.0063078   0.172655
0.497239   0.00853639   0.337319
-0.335665   -0.178659   0.334701
-0.163397   -0.156444   0.153242
0.00239421   -0.00315136   0.14618
-0.168239   -0.00696723   0.322124
0.0240109   -0.153849   0.320107
0.187138   -0.18233   0.171875
0.344011   -0.00236566   0.171555
0.190294   -0.0259951   0.382044
0.347834   -0.162647   0.358663
0.48856   0.165722   0.161272
-0.333684   0.317412   0.165541
-0.499707   0.347639   0.30222
-0.319459   0.168979   0.33009
-0.160763   0.152284   0.155038
-0.00562113   0.339938   0.178729
-0.169903   0.340257   0.344283
-0.0200723   0.178292   0.320392
0.170584   0.148975   0.174911
0.32174   0.329609   0.159354
0.176195   0.330224   0.339268
0.325244   0.172447   0.32816
