0.0364159   0.41329   0.669207
-0.553775   -1.13385   -1.27732
-0.775589   -0.158994   0.297779
1.01116   0.0816147   -0.690996
-0.22672   0.378215   0.523678
-0.0835807   0.381373   0.290026
0.522263   -0.0644215   1.25592
0.00838481   -0.458843   -1.31035
0.573765   -1.0524   0.443531
0.466907   1.11362   0.543431
-0.22577   0.27313   0.642504
0.293015   -0.554604   -1.15921
0.186388   0.898673   0.00435978
0.61442   -0.364184   -0.4367
-0.0114924   0.0658521   -0.0289185
-0.535853   -1.21235   1.36409
0.2247   -1.04747   0.26439
-0.416338   -0.308765   0.0461216
-1.25604   0.622058   0.0538236
-0.354271   0.409682   1.22517
0.179388   -1.32818   -0.224382
-0.961397   -1.19849   -0.804478
-0.426109   -0.763931   -0.846829
-0.68975   -0.561514   0.808093
0.339514   1.86568   0.00104674
-0.84883   0.38425   0.937115
-0.474936   -1.78118   -0.884722
0.369763   -1.30067   -1.10035
-0.360773   -0.0159266   0.755707
1.34279   -0.186727   -0.738103
0.0693421   0.602784   0.305384
-0.704708   1.33777   -0.288823
-0.436131   -0.239903   -0.541932
-0.116013   -0.610963   -0.758418
0.0388784   -0.413598   1.52291
-0.809932   -0.224345   -0.929581
0.471902   0.322135   1.17125
0.623584   1.0866   -0.123633
0.778378   0.831685   -0.489942
-1.04135   1.71725   1.05698
-1.23547   0.340564   1.15037
0.451368   1.12814   -1.11406
-1.06973   -0.215891   -0.294216
-0.285898   -0.155591   -0.830925
0.174752   0.551923   0.275277
0.0114102   -0.00860133   -1.0158
-1.66502   -1.07231   1.07521
0.015931   -1.37835   -0.277089
-0.164643   0.645827   0.382822
-1.12148   -1.95436   -0.304979
0.298216   1.96381   0.220817
0.872466   0.162622   -0.0175139
1.33877   1.20899   0.0372459
0.0397598   -0.348294   -0.348422
-0.293634   0.0195321   -2.22728
-0.788518   -0.504552   2.0731
0.514174   -0.882884   0.801041
0.663242   0.780327   -0.658006
0.596279   0.829544   -0.582089
-1.67412   0.327632   -1.08847
-1.3215   1.58598   -1.01876
1.28071   0.540495   -1.05313
0.220841   1.25943   -0.249273
-0.454319   -0.311484   -0.0722445
0.267839   0.367288   0.273784
-0.251167   -0.278208   -0.193245
-0.288661   0.33072   0.184566
-0.930134   0.326953   -1.2348
0.438122   -0.866318   0.905574
-0.461057   -0.934707   -0.943805
0.315638   1.4556   -0.0745935
1.41257   0.638937   -0.462331
0.64368   -0.53566   -0.331871
-0.373251   -0.0839189   0.0691783
1.07593   -0.54167   -0.802269
-0.997814   -0.815003   0.111126
0.227418   1.97213   2.0535
0.760871   1.64496   0.62859
-1.07141   0.678738   0.33719
-0.125781   0.758741   0.908501
0.726918   -1.37753   1.31202
-0.125469   0.627229   -0.752575
1.05488   -0.730105   0.832407
0.0420711   -2.30631   0.958457
0.444053   2.53875   0.865292
0.337051   -0.614643   1.02357
0.107153   -1.94816   0.302254
1.32218   -1.60146   -1.33144
-0.561195   -0.669455   0.485146
-0.165217   -0.377887   0.57155
-0.228543   0.142016   -0.0845077
0.712108   -0.702288   0.441158
-2.435   0.298886   -0.354015
0.554244   -1.66115   0.0954046
0.358606   0.104364   0.636583
-0.084918   -0.435243   -1.37494
-0.584086   0.387929   -1.26818
0.862042   0.396618   -0.620605
0.04215   -0.152109   -0.778299
0.256228   2.52189   -0.0187605
1.13612   -0.615757   -0.257046
-0.475576   -0.103013   1.04299
0.397527   2.22105   1.18128
2.63462   -0.984965   -0.870393
0.419947   -0.579867   0.0913583
-0.986526   -0.0679538   -0.0600616
-1.33483   0.634669   -0.0265519
1.68548   -1.38094   0.117368
