0.473314   -0.37431   -0.453556
-0.260701   0.457497   0.387701
-0.402762   -0.184955   -0.302364
-0.163024   -0.428061   -0.261555
-0.330783   -0.465416   -0.428001
0.0501245   -0.416731   -0.417231
-0.317353   -0.320905   -0.200003
0.282851   -0.42538   -0.233119
0.146059   -0.460677   0.40767
0.266136   -0.318912   -0.457434
0.371654   -0.0588106   0.114164
0.339984   -0.216548   -0.260811
-0.478244   0.182115   -0.374842
-0.168507   -0.0698867   -0.413554
0.359614   0.286089   -0.0110995
-0.126004   -0.202608   -0.244626
-0.494896   -0.00301305   -0.476742
-0.275716   -0.0194298   0.0775762
-0.27998   0.117882   -0.380505
0.247091   -0.0882437   -0.41471
0.0279922   -0.173959   0.47427
0.321306   0.330381   -0.307964
0.308293   -0.0798494   -0.125235
-0.374212   -0.201063   -0.493885
0.307632   0.0893699   -0.488038
-0.283678   0.410511   -0.247308
-0.240666   0.174301   -0.170611
-0.0478261   0.437771   -0.176733
-0.254516   0.218546   0.368728
-0.0504131   0.424883   0.428717
0.144219   0.207074   -0.296262
-0.0244198   0.214524   -0.158923
-0.0577607   0.109367   0.466337
0.0553647   0.0519243   -0.39103
-0.475876   0.436543   -0.357092
-0.450799   0.276903   -0.193337
-0.16821   -0.39902   -0.0732872
-0.28461   -0.10998   -0.145598
0.411374   -0.498025   0.130332
-0.373646   -0.464802   -0.0443772
-0.145163   -0.321434   0.139954
0.0466059   -0.377982   -0.209762
-0.154349   -0.152239   -0.012558
0.0180224   -0.307705   -0.0119155
0.218661   0.473681   -0.0203891
0.207559   -0.347136   -0.0659993
0.0531335   -0.15081   -0.132479
0.161856   0.390013   0.267898
-0.471981   -0.210344   -0.0883898
-0.435807   0.0407008   -0.232577
0.461093   0.0600785   -0.0427032
-0.488303   -0.330076   0.134423
-0.383303   0.168541   -0.00813789
-0.107718   -0.0124207   -0.237604
-0.287891   0.28011   0.152982
0.111542   0.0565727   -0.185146
0.0953287   -0.180537   -0.327425
0.222412   0.0686007   -0.0122689
0.157242   0.110499   0.192513
0.476005   -0.292186   0.345658
0.486469   -0.373079   -0.242902
-0.242223   0.343266   -0.0514548
-0.445728   0.370028   0.054916
-0.448551   0.0499689   0.144534
-0.145084   0.097279   0.0088592
-0.0850349   0.155061   -0.340786
-0.0110476   0.264693   0.0980819
-0.120992   0.077779   0.272662
0.337461   0.159399   -0.192706
0.402373   -0.346921   -0.0612971
0.176995   0.281146   -0.101678
0.391204   0.452745   -0.125651
-0.228009   -0.488617   0.110656
-0.133883   -0.127961   0.338959
0.469676   0.480688   0.403854
-0.0481058   -0.464557   0.24781
0.293159   -0.273037   0.1873
0.165998   -0.152049   0.0508962
-0.165477   -0.324878   -0.414573
-0.0628712   -0.354019   0.398391
0.177842   0.284385   0.0920955
0.290017   0.459017   -0.456233
0.317566   -0.473057   0.287821
0.151364   0.444411   -0.25769
0.274794   -0.114688   0.312667
0.342594   0.316041   0.210602
-0.454729   0.146752   0.407306
0.418387   -0.186673   -0.490319
-0.321454   -0.214883   0.0749213
0.0374133   -0.0303101   0.260878
-0.381958   -0.103451   0.262194
-0.298574   0.0216104   0.436424
0.177764   -0.257713   0.376199
0.32964   0.0744461   0.288775
0.139639   0.0578077   0.398304
-0.274266   -0.333865   0.295821
-0.450733   0.313001   0.250663
0.0462911   -0.266245   0.209272
-0.418504   -0.496277   0.258808
-0.381801   0.331   -0.484615
-0.113896   0.338266   0.251232
-0.0143148   0.484048   0.05374
-0.185066   0.333498   -0.425031
0.0334304   0.221317   0.313013
0.0347521   0.0137263   0.0194654
0.348628   0.286348   0.430417
0.14209   -0.451135   0.142762
0.150101   0.291371   -0.48382
