-0.493977   -0.49135   -0.49435
-0.331015   -0.300625   -0.482353
-0.485598   -0.294018   -0.322627
-0.341611   -0.477223   -0.332901
-0.170424   -0.487882   -0.479672
0.0238071   -0.312912   0.489609
-0.163836   -0.309284   -0.337916
0.0177365   -0.475239   -0.309677
0.19263   -0.46844   0.495629
0.357184   -0.310381   -0.499781
0.185361   -0.287109   -0.329385
0.326172   -0.472018   -0.320517
-0.476893   -0.135829   -0.495604
-0.320042   0.0299056   -0.474925
-0.496119   0.0629645   -0.321047
-0.314695   -0.135074   -0.323516
-0.143461   -0.147004   -0.491795
0.0213221   0.0151817   0.484649
-0.157413   0.0207039   -0.325344
0.0122782   -0.140557   -0.33176
0.196625   -0.147582   0.490966
0.326208   0.0369413   -0.498189
0.179559   0.033633   -0.323182
0.349674   -0.132678   -0.315846
-0.495024   0.184711   0.48902
-0.318536   0.332941   -0.493229
0.498675   0.367221   -0.326025
-0.335173   0.214798   -0.311978
-0.156407   0.176492   -0.495071
0.00278527   0.36063   -0.494205
-0.161897   0.35065   -0.326407
0.0033934   0.176092   -0.339859
0.169418   0.190986   -0.482471
0.317756   0.355815   -0.496703
0.178983   0.371185   -0.326303
0.344949   0.203275   -0.337826
-0.485726   -0.480916   -0.17364
-0.332319   -0.320818   -0.155118
-0.494335   -0.310442   0.0201886
-0.316488   -0.469178   0.00104012
-0.16035   -0.487975   -0.171585
0.00617125   -0.278989   -0.158007
-0.167775   -0.309785   -0.0170584
-0.00406012   -0.47507   0.00308471
0.162974   -0.458985   -0.15756
0.342314   -0.31035   -0.177099
0.169163   -0.296659   -0.000588796
0.336408   -0.462375   -0.00572787
-0.495304   -0.14538   -0.163196
-0.345561   0.0372824   -0.158818
-0.488603   0.0434202   0.00293552
-0.326882   -0.157334   -0.00440164
-0.154654   -0.12592   -0.157435
-0.00464293   0.0325649   -0.156809
-0.164813   0.0472409   0.010953
-0.00745114   -0.119265   0.00848881
0.178177   -0.125567   -0.17027
0.327289   0.019575   -0.174885
0.167571   0.0364638   0.0154754
0.335352   -0.14019   0.00423695
0.49975   0.209882   -0.145968
-0.347484   0.357775   -0.158296
0.490066   0.379855   0.0210676
-0.325828   0.186883   0.00187282
-0.154468   0.191829   -0.155202
0.0192209   0.336334   -0.171953
-0.170332   0.359632   0.0281049
0.0304295   0.198862   0.00902456
0.196537   0.200506   -0.152632
0.341851   0.369153   -0.164867
0.17348   0.362386   0.0116402
0.335344   0.199419   0.0192652
-0.484177   -0.4638   0.173264
-0.308895   -0.311611   0.186393
-0.495301   -0.308547   0.333835
-0.327547   -0.469996   0.35159
-0.156268   -0.47133   0.189171
0.00817147   -0.304119   0.157004
-0.148373   -0.324966   0.356181
0.0060807   -0.496717   0.349995
0.167317   -0.46928   0.157718
0.349836   -0.291256   0.174299
0.186693   -0.314445   0.326758
0.349023   -0.478061   0.340169
-0.476475   -0.148695   0.185559
-0.334417   0.031195   0.16775
-0.484047   0.0135558   0.340919
-0.318489   -0.148113   0.340638
-0.173608   -0.122799   0.186161
-0.00951347   0.0435086   0.172717
-0.163964   0.0259274   0.36083
0.0186121   -0.147559   0.333448
0.17392   -0.129413   0.151596
0.342714   0.00573021   0.165405
0.172013   0.030202   0.327995
0.345778   -0.136367   0.331302
-0.496926   0.189259   0.162972
-0.339627   0.344574   0.184959
-0.495419   0.345761   0.341843
-0.336807   0.178433   0.352599
-0.16466   0.196949   0.181076
0.0029204   0.361889   0.177186
-0.166576   0.351989   0.328525
0.00917441   0.205274   0.338267
0.177087   0.183597   0.179343
0.325553   0.370476   0.177923
0.164293   0.366968   0.335505
0.343125   0.192525   0.334573
