-0.42837   0.334399   0.414355
-0.451069   0.184888   -0.413528
-0.249841   0.4329   -0.499023
0.205509   -0.332465   -0.196313
0.436821   0.257818   -0.268334
0.40987   0.192725   0.370697
0.0929421   0.19916   -0.419808
0.305383   -0.465131   0.416366
-0.11663   -0.167613   -0.0598917
0.491345   0.0563851   0.215172
0.209745   0.240697   -0.258762
-0.47197   0.427398   0.239574
-0.140725   0.211458   -0.33615
-0.311594   -0.459272   0.0616077
0.37204   0.373741   0.499979
0.329305   -0.255746   0.439819
-0.41378   0.0928282   0.411074
-0.267759   -0.249736   0.189795
0.488161   -0.187951   -0.0669206
-0.225821   0.0802754   -0.148274
0.483513   -0.0176412   -0.254779
0.240695   0.307481   0.0365306
-0.106896   0.0232854   0.106195
0.140222   -0.353355   0.482944
-0.00240641   -0.170056   -0.376754
0.282201   -0.139448   -0.166419
0.337663   -0.0531175   0.140099
-0.0825939   -0.440596   -0.498792
-0.138614   -0.304845   -0.242724
-0.115052   -0.368209   0.0212297
-0.439223   0.367354   0.0394486
-0.167451   -0.0877553   -0.249336
-0.265169   -0.433107   -0.152572
-0.47682   -0.363906   0.300678
0.442591   -0.04187   -0.45729
0.17146   0.0835364   0.174843
-0.444058   0.420642   -0.165741
-0.339269   0.319695   -0.29741
-0.0962216   0.199015   0.00848472
-0.0341996   0.423707   0.0994463
0.107586   -0.103631   0.088253
-0.0659186   0.332899   -0.465152
-0.139103   -0.0409472   -0.476051
0.135608   0.468292   -0.125656
0.0716701   -0.120243   -0.146313
-0.308145   0.1342   0.0324808
-0.260215   0.440275   0.274324
0.0579392   -0.47288   -0.290209
0.0158794   0.296873   -0.256574
-0.0357977   0.198293   0.194893
0.326168   0.391979   0.251545
-0.251761   0.218343   0.48811
-0.401766   0.178686   -0.121545
0.108228   -0.0727138   0.47445
-0.409806   0.227157   0.214146
0.237066   0.0578459   0.482531
0.299956   -0.38922   -0.374172
0.478056   -0.472285   -0.00071503
0.0586498   0.00642405   -0.328521
0.111896   0.349722   0.207973
0.305714   -0.477692   -0.116725
0.264191   -0.268541   0.238153
0.366522   -0.0877221   0.357056
0.261184   -0.176971   -0.360484
-0.451271   -0.193955   0.411108
-0.228101   0.293276   -0.140447
-0.352783   -0.0694209   -0.129579
-0.334124   0.0310477   -0.380871
0.0672621   -0.283798   -0.0242642
-0.495707   0.00182318   0.0235328
-0.103804   -0.25327   0.480662
-0.454091   0.463736   -0.374257
-0.286191   -0.393459   0.408103
0.260187   0.0312842   -0.308846
0.059181   0.278632   -0.0733107
-0.283149   -0.38731   -0.385713
-0.0791421   0.368915   0.309373
-0.313391   -0.24635   -0.216667
-0.202498   0.324911   0.108481
0.0772554   -0.385062   0.14581
0.135341   0.401715   -0.455402
0.315418   0.206056   -0.41033
-0.294939   -0.16141   -0.471391
0.45621   -0.306544   0.112751
-0.49132   -0.364698   -0.480459
-0.464945   -0.201657   -0.366909
-0.103349   -0.374065   0.283462
0.361952   0.440613   -0.2906
-0.0254127   0.0275466   -0.0979975
-0.0772955   -0.191435   0.135599
-0.0654904   0.140488   0.42384
-0.308759   -0.263026   -0.0138473
0.205706   0.245002   0.380449
0.447746   -0.330159   -0.218306
0.0848457   -0.265711   0.304541
0.109572   -0.472319   0.31565
0.372282   0.113573   -0.121925
-0.169604   0.477929   -0.304138
0.186356   0.0592462   -0.0769862
-0.0819196   0.44243   -0.0898263
-0.293466   -0.0723224   0.0789685
-0.221455   0.148239   0.255017
-0.314582   -0.0630285   0.334528
-0.477614   -0.141898   0.209382
0.311211   -0.279177   -0.023614
0.388228   0.19244   0.113629
-0.0862856   -0.0831553   0.3263
0.307808   -0.432975   0.148255
