-0.375178   -0.450992   -0.0884349
0.460424   -0.298549   -0.442399
0.121764   -0.150514   0.271994
-0.11035   -0.375155   -0.496898
-0.153005   -0.185187   -0.0369536
-0.258361   -0.411738   0.33648
0.26393   0.0255155   0.424988
0.0935512   0.364284   -0.27339
-0.0312002   0.423257   0.479367
0.0238309   -0.27633   -0.173686
0.290991   0.466412   -0.455776
-0.387652   0.15052   -0.399413
-0.476194   -0.279105   0.362058
-0.350485   0.374122   0.0142356
0.315786   0.13786   -0.399956
-0.234232   -0.0764673   0.145817
-0.254013   -0.200037   0.394879
-0.111654   0.453621   -0.334023
-0.00910524   -0.0852971   -0.199419
0.347136   -0.103367   -0.421879
-0.100489   -0.149905   -0.458113
0.0662719   0.240094   0.361771
0.150808   0.182388   -0.20965
-0.0220376   0.058089   0.478483
-0.277341   -0.326668   -0.430708
-0.242484   0.472506   -0.489356
0.0541786   -0.395709   -0.396853
-0.304683   -0.46908   -0.28349
0.0826439   -0.294978   0.423944
0.31755   -0.277066   -0.0974421
-0.438545   0.225198   0.143064
0.00958146   0.229712   -0.401866
0.121265   -0.210179   -0.338903
-0.489952   -0.465993   0.411477
0.481451   0.16974   0.343297
-0.387911   -0.0825077   -0.454861
-0.166956   -0.38546   -0.0254321
-0.367972   0.0288691   -0.216102
0.437614   -0.171135   0.11673
-0.0391987   0.020757   0.0398257
-0.154463   -0.323784   -0.230179
-0.284127   0.190612   -0.0641038
0.00922249   -0.354226   0.0853369
-0.0273363   0.123258   -0.12196
-0.423441   0.362252   0.473802
0.0346387   -0.155412   -0.00219241
-0.192429   0.00736065   -0.443262
0.288635   0.322924   -0.271284
0.202839   -0.434399   -0.246213
-0.222194   -0.487224   0.146545
0.162301   0.0978073   0.06772
0.253715   0.285953   0.450192
-0.426909   -0.174613   -0.267576
0.274561   -0.0345872   0.193818
-0.191236   0.0193739   -0.0746162
-0.364116   -0.18573   -0.0304469
0.197875   -0.429455   0.0276137
-0.380213   0.0240261   0.0188394
0.478874   -0.376458   -0.226063
0.302543   -0.223244   0.361943
0.448652   -0.0156776   -0.270471
-0.192836   0.117438   0.117931
-0.118853   -0.0431913   0.351677
0.142847   0.0499867   -0.373257
-0.170863   0.224305   -0.270164
0.0156122   0.313611   -0.0563298
0.27958   0.00128676   -0.0708558
-0.0118924   0.453145   0.129076
-0.205784   -0.117819   -0.267864
0.198459   0.405567   -0.109001
0.472356   0.198778   -0.247236
-0.483774   0.215442   -0.0424006
-0.0517624   -0.348501   0.263755
0.407042   -0.397431   0.221308
0.149042   -0.107815   -0.49594
0.422576   0.296708   -0.406668
0.465825   0.415833   -0.16643
-0.114856   0.200753   0.313437
-0.250798   0.287191   -0.421619
0.0401074   0.246917   0.162453
0.416127   -0.429768   -0.00526818
0.140484   0.441498   0.363615
-0.37927   -0.359809   0.0982319
0.478617   0.415429   0.0743094
0.376789   0.325909   0.289556
-0.387714   -0.180408   0.225551
-0.38099   0.452386   0.249765
0.456855   0.0156426   0.164637
0.463119   -0.113653   -0.0948114
0.447372   -0.0740799   0.38101
-0.296156   0.206939   0.388894
0.22263   -0.117126   -0.215456
-0.0618793   -0.155332   0.198206
0.495746   0.487123   -0.393618
0.221437   -0.211032   0.0888608
-0.21159   -0.287965   0.152922
-0.196665   0.369076   -0.149255
-0.210464   0.391157   0.324862
0.067672   0.0344592   0.254241
0.251969   0.163406   0.258274
0.258095   -0.309165   -0.447657
0.210632   0.39867   0.154841
-0.141789   0.31225   0.0936044
-0.372716   0.0395637   0.239893
-0.0421946   0.487023   -0.129821
0.280605   0.211528   -0.0553215
0.257111   -0.409913   0.352515
-0.393026   0.343707   -0.2953
