-0.0216777   1.06966   -0.827437
0.977331   1.15017   -0.241881
1.35365   0.640454   0.880737
-0.917562   0.0352477   -1.58374
1.00353   -0.824756   -0.318994
-1.2556   -1.37606   0.863104
-1.50681   1.57809   0.0389561
-0.759524   1.0454   -0.637718
-0.120363   -2.21083   0.50933
-0.976943   -0.354706   0.21684
0.305224   -1.93944   -1.984
0.781936   -0.296315   0.181574
0.611802   1.49733   -0.40589
-0.441551   0.716414   1.43752
0.728213   -0.567748   0.885271
0.245374   0.0506442   -0.118332
0.835052   -0.379702   -0.201705
-0.540191   0.282038   -1.30454
-0.671123   -0.654712   1.30766
-0.725713   1.19155   1.21248
-0.795838   0.727147   -0.711854
-0.261697   -0.304443   -0.515411
-0.0971822   0.101944   0.58315
-0.513255   -0.938256   -1.7268
0.0136564   -0.710491   -0.336329
-0.0288547   0.722505   0.360405
-0.785826   1.32581   -1.93523
-0.154848   0.535251   -1.08519
-0.456388   0.642264   2.21537
-0.333679   0.513007   0.641873
0.358616   -0.0666838   0.885024
1.46959   0.260858   1.45028
-0.0365425   2.53025   -0.644995
0.812056   -0.418336   -1.18094
1.70075   -0.364268   -0.172088
-2.50888   -1.11279   1.83711
0.210899   -1.00317   0.145928
1.35143   -0.532923   -1.94308
-0.317436   2.23894   1.16459
0.324321   -0.652671   2.30412
0.881772   -1.05773   0.977605
-2.10006   -1.93223   -0.845401
-1.69655   -1.49046   -1.14129
-1.11585   -0.566723   1.97167
2.19187   0.683463   -0.472123
0.378283   0.539616   0.776456
0.582528   0.696772   -0.680209
-0.272158   -0.849036   1.83719
-0.261242   -1.3906   -0.518744
-1.26155   0.124756   0.824599
-0.358592   0.355756   2.47373
0.675187   -0.404651   0.606153
-1.10125   -0.560564   2.3949
0.857409   1.11278   0.417669
1.19778   0.112978   0.0738101
-0.432557   0.61079   -1.59396
0.102371   0.0951095   -0.418506
-0.510463   0.678206   -1.49089
-0.932995   -3.51224   0.634806
1.86006   1.68781   0.709455
1.20455   -0.185423   -0.449995
-0.764508   1.32123   0.97292
0.884641   -0.974603   -0.129946
-0.784866   -1.01069   -1.28476
0.367232   1.39571   -0.543181
-0.152735   -0.134611   0.607792
0.879478   1.31868   -1.52218
2.76406   -0.0210882   0.460891
-1.26919   -0.365038   -0.514198
-1.6575   1.35764   -0.185466
-1.96302   -0.459119   -1.38283
0.00264374   -1.9035   -0.754911
0.669125   -1.03112   -0.334129
0.180347   -0.648551   0.549719
-0.922998   0.616322   -0.321687
0.528955   -0.849619   -0.0370697
-0.465446   -2.2932   1.29859
-1.07873   -0.201809   0.144568
-1.42135   0.70818   -0.775973
-0.0282851   0.436641   0.482397
0.949537   -0.509384   0.566792
0.169826   0.504052   -0.575142
0.173336   -0.631312   -2.21541
0.744558   -0.166482   1.15568
0.660775   -0.460752   0.617569
0.0111545   0.625157   0.000655816
0.0810491   -0.861408   -0.874243
0.53089   -0.42936   -1.11382
0.731697   0.0873469   -0.730423
0.78326   0.332692   -2.06344
-0.461196   0.539043   0.963332
0.198216   -0.130153   -1.1076
-0.49119   -0.16584   0.483828
-0.720703   0.949939   -0.416082
-0.696745   0.750035   1.59953
0.334556   1.37857   0.250203
-0.746159   2.29527   -1.11418
0.766755   -1.06566   2.19863
0.481215   -1.05961   1.17543
0.557879   1.61595   0.202093
-0.149974   1.20673   0.3312
1.6258   -0.797645   -1.4464
-0.289117   -0.825913   0.0405643
-0.89656   0.135179   -0.882613
-1.546   0.716596   0.627038
-0.0686001   -0.360417   0.199838
1.10031   -0.284461   -0.68852
1.6531   0.45532   -1.24717
