-0.332767   -0.206938   -0.214295
0.101547   0.39298   0.102616
-0.49776   0.323949   0.438366
0.373475   0.247412   -0.137201
0.0819628   2.40664e-06   0.248945
0.178475   -0.183845   0.0606653
-0.152296   -0.18518   0.433246
-0.36861   0.0542668   0.21351
0.00465265   -0.252286   -0.445737
0.497234   0.260772   -0.333626
-0.00557162   -0.18316   0.304458
0.219558   0.27963   0.436607
0.351348   -0.316797   0.350413
0.152929   0.134299   -0.355659
-0.388709   0.323864   -0.179671
-0.337155   0.0926291   -0.246982
-0.496993   -0.383416   0.00027482
-0.490725   -0.34281   -0.202587
0.353634   -0.25482   0.147077
-0.267032   0.29621   0.0237106
0.0643435   0.405008   -0.265396
-0.460354   0.143183   0.0339977
-0.155885   0.181389   -0.374946
-0.393669   0.0870905   -0.42894
0.335934   0.44724   0.469998
-0.103888   0.346522   0.156969
0.318207   0.439351   0.0199868
0.00506787   0.227252   -0.467784
-0.254579   -0.302483   0.28949
-0.278896   0.198072   0.407558
-0.240843   0.00681173   0.458999
-0.437742   -0.0977472   -0.0968992
0.258598   -0.0394742   -0.449952
-0.445234   0.110512   0.38975
-0.214337   -0.0890813   0.212705
0.417091   0.128964   0.220321
-0.165817   -0.363719   -0.204722
0.119309   -0.425568   -0.345401
0.360644   -0.244017   -0.423492
-0.327421   -0.463685   -0.252859
0.121566   -0.38444   0.0375732
-0.458436   -0.185867   0.270615
-0.136948   0.0358978   -0.134091
-0.479295   0.393591   0.0423867
0.292482   -0.0239888   0.17165
-0.0164928   0.333244   0.320595
-0.308454   -0.476061   0.0993811
0.0644425   -0.347059   -0.153948
0.351796   -0.430985   -0.310987
-0.040258   0.449924   -0.0879202
-0.26214   0.0845182   0.0214065
0.2336   0.0111858   -0.23817
0.0308389   0.445761   -0.487995
-0.0227115   -0.108161   -0.0312717
-0.404408   -0.33333   -0.395874
0.00885329   0.151285   -0.167779
-0.0451828   -0.432498   0.204941
0.101176   0.0696245   -0.0165226
0.165665   0.251705   -0.11319
0.365071   -0.130359   -0.0336798
0.130348   -0.336727   0.287957
-0.0799663   -0.262411   0.118576
-0.202083   -0.247118   -0.383227
-0.405783   0.310724   0.203155
0.262735   -0.449914   0.183131
-0.0104295   0.27621   -0.00167657
-0.348962   -0.259042   0.093286
0.120577   0.193603   0.22429
0.0880928   -0.0673798   0.467594
-0.232723   0.460181   -0.0898855
-0.196908   -0.0651631   -0.295133
0.4398   0.0709888   -0.250062
0.449337   0.461694   -0.152174
-0.34929   -0.174767   0.459161
-0.450566   -0.373993   0.41751
-0.476351   0.495964   -0.424897
-0.328458   0.46484   0.331928
0.178455   -0.169646   -0.151639
-0.0822834   0.102506   0.103571
0.166111   0.451345   0.340002
0.297778   -0.331978   -0.0529704
-0.484622   0.489978   0.214865
0.243588   -0.164336   0.311553
-0.310609   -0.371479   -0.0769667
-0.157782   0.358596   0.443651
-0.436326   -0.107728   -0.350542
-0.232116   -0.389497   0.496764
0.434196   -0.10808   0.428629
-0.139149   0.394889   -0.340187
-0.232269   -0.14669   -0.0593193
-0.214978   0.189838   0.213189
0.385418   -0.118375   -0.259371
0.338924   0.160754   -0.413398
0.245781   0.0810639   0.381215
0.161585   -0.237355   -0.326164
-0.0658299   -0.397128   0.401713
0.25532   0.244168   0.0471399
0.340635   0.0746526   -0.0188132
0.349102   0.326317   0.265974
-0.154997   0.26005   -0.165042
-0.0703192   0.152893   0.359901
-0.0519274   -0.185015   -0.248334
0.173142   -0.318232   0.480237
-0.321013   0.289341   -0.391511
0.3187   0.358015   -0.351723
0.233067   0.485008   -0.167165
-0.0266269   0.0346544   -0.400148
-0.489209   -0.0725839   0.104725
