0.638969   0.0727815   0.573819
-1.93142   -2.04489   -0.178841
0.37918   1.81893   -0.456026
-1.04085   1.49073   -1.41391
0.281157   0.252026   -0.477358
1.75459   -1.05158   0.0546826
-1.69143   -1.04561   -0.519878
0.206742   0.102022   0.101899
0.15628   0.409667   2.59692
-0.175486   -1.11696   -2.97159
-0.72695   1.37323   1.23669
0.164861   0.41761   0.608113
-0.238285   0.486287   -0.157131
0.606707   -0.0214506   0.225701
0.0982553   -0.233897   -0.997337
1.60874   1.55996   0.80319
-1.24943   -0.728219   -1.41655
-0.00580759   0.324482   -1.45642
-0.114262   -0.781861   -1.08767
-0.734087   -0.958625   -0.0267915
-1.01245   1.43061   -2.14059
-1.2824   -1.7444   1.23551
1.43037   1.23276   -0.719586
0.624539   -2.31192   0.837397
0.0496497   -0.531531   -1.57408
0.422929   -0.0433996   0.388089
-0.214696   1.33801   1.53279
0.768125   0.460415   -1.18609
0.22643   -0.493651   0.618804
2.61083   -0.70558   -0.204409
-0.43433   -0.241415   0.295573
2.27278   -1.85387   0.525316
-3.10439   -0.575808   0.102609
0.094086   -0.167776   -0.272354
0.976087   1.643   -1.92852
-2.4748   -0.709575   -0.53855
0.934649   -0.900349   1.15608
-1.01673   -1.13214   -0.391801
1.58438   2.94197   0.10684
0.893718   -0.775871   -1.68737
-0.748848   0.433032   0.567758
-0.775709   -0.388028   1.40326
1.24523   -0.298003   0.43464
0.681682   -0.913302   -0.100406
-0.657827   -1.08949   -0.626853
0.627837   0.784335   0.89836
-1.45067   0.761574   0.881633
0.055755   -0.239308   -0.112616
0.586013   1.04025   1.07593
-0.638047   -1.09997   -0.151925
0.425541   2.56361   0.2484
-0.8887   0.169221   1.01581
0.264707   1.00527   1.5748
-1.24958   0.021149   -1.35757
-1.60099   0.503164   -2.19592
-1.63507   -0.517388   0.462376
0.329576   1.36765   1.39075
-0.45388   -1.91255   0.0317409
-1.42302   -0.821495   0.0628965
-0.791523   1.1312   0.844901
-0.323215   -1.00142   2.17906
-1.03596   0.957634   0.0685854
0.18576   -0.439193   0.399314
-0.649654   1.1382   0.885305
-2.57839   0.647225   1.11397
0.134611   -1.22239   -0.0899557
0.442294   1.3539   0.0315883
0.562593   0.383724   0.71036
-0.451424   0.0728437   0.739359
-0.0643953   0.0312818   -0.555959
-0.047911   0.775491   -0.825932
-0.160866   -0.0774951   -1.43141
-0.583168   -0.91669   -0.53194
0.11933   0.176728   -0.768318
-0.834243   -0.175915   -0.957684
-1.11371   -1.21754   0.206983
-1.40811   -0.585986   -1.0749
0.252177   0.249499   -0.673066
0.0224269   0.667875   1.46674
0.907985   -0.889119   0.0755826
0.792506   -0.769403   -1.48652
-0.326805   -0.98903   -1.2238
0.634528   -0.29577   -1.21323
0.318105   -0.36196   1.79826
0.206355   -2.50586   1.41841
-0.844754   0.0877943   -0.275128
0.263961   0.23498   -0.693666
0.996541   0.960562   -0.436503
-0.315765   0.112132   0.342767
1.36607   0.132588   0.932003
1.81773   -1.11962   1.82493
-0.405986   0.302362   1.22778
-0.474615   0.276184   0.150012
0.551206   1.63618   -0.957666
0.959745   -0.617974   -0.306761
-0.651962   1.71288   -1.26595
1.11726   0.462122   1.77126
-1.84474   -0.381646   0.133441
1.67473   -0.0301989   1.37681
-0.91044   0.691586   0.444197
0.576199   0.819322   2.56767
1.69666   -0.857462   -0.300549
0.357586   1.32655   -2.36697
-0.713705   0.161442   -0.329062
0.557424   -0.772327   -1.35486
2.51724   0.709087   -0.0532525
2.07725   -1.12526   0.156751
1.39279   0.587068   -0.393196
