-0.26538   -0.0423122   -0.224914
-0.485134   -0.227516   -0.128045
0.298486   -0.325551   0.0579396
-0.388953   -0.374941   -0.0796517
0.171196   0.286454   0.0869098
-0.324447   -0.0656137   0.0719111
0.308141   -0.279091   -0.064909
0.0639706   -0.0286169   0.014771
0.43722   -0.332508   -0.13762
0.00370253   -0.469734   -0.443508
-0.2224   -0.371874   -0.299629
-0.362685   -0.166578   0.251447
-0.0709532   0.435894   0.202841
-0.483698   0.146583   0.319081
-0.356918   -0.194378   0.172206
0.189141   -0.351367   0.189113
0.391851   0.269179   0.276174
-0.362795   -0.0940175   0.212071
0.123738   0.219342   -0.156155
-0.307678   0.376854   0.0987914
-0.483883   0.291377   0.0543264
0.496682   -0.346459   -0.39656
0.0905164   -0.30167   -0.194277
0.0515538   0.354409   -0.460109
0.133419   0.0100705   -0.444784
-0.43461   0.463994   -0.428864
-0.35465   0.429379   -0.106668
-0.0962675   0.345698   0.0913877
0.186031   0.372882   0.111754
-0.0817172   -0.328503   0.101297
0.476036   -0.114021   0.236484
-0.00817411   -0.202129   -0.343138
-0.374919   -0.433136   -0.19328
0.466788   -0.0600506   0.394248
-0.206184   0.324657   0.0625821
0.475579   0.291822   0.279724
0.0517089   -0.120893   0.367074
0.333362   0.469899   0.0573835
-0.180936   0.205365   -0.492637
-0.141667   -0.00564689   0.263411
0.358312   0.227089   -0.282691
-0.0105789   0.413596   0.452699
-0.0191065   -0.403177   0.0746365
0.217484   -0.302888   -0.312451
0.0962903   -0.0770589   -0.453526
0.447958   -0.375597   0.135678
-0.0781868   0.00884112   0.0552917
0.399185   -0.48135   0.470539
-0.0443715   0.191088   -0.367319
-0.194331   -0.308143   -0.268989
0.100688   0.434052   0.2658
-0.488414   -0.156895   -0.32023
-0.16137   -0.0682553   -0.446758
0.346931   0.00130541   0.350113
-0.407854   0.456138   0.0150919
-0.310419   0.33178   -0.0572098
-0.319936   -0.138334   -0.14071
-0.103084   0.0224621   -0.406874
-0.42069   0.497654   -0.137091
0.439572   -0.137465   -0.114634
-0.292777   -0.271892   0.369629
0.320978   -0.375507   -0.0147766
0.124294   -0.167457   -0.402289
-0.123143   -0.442593   -0.357325
0.414174   -0.16829   -0.034602
-0.30718   -0.134402   0.0181527
0.184278   0.315737   -0.307679
0.305681   0.429333   -0.129474
0.0540318   -0.178906   -0.448476
-0.258935   -2.809e-05   -0.307927
0.399727   0.295789   0.350217
0.206723   0.170099   0.439332
-0.328386   0.107369   0.341005
-0.265621   -0.294812   -0.353306
-0.182593   -0.00585835   -0.279378
0.207701   -0.310047   0.300521
-0.258269   -0.124139   0.481105
0.194196   0.323538   0.170374
0.104693   0.413674   0.119337
0.171025   0.215297   -0.41909
0.4157   -0.00973187   -0.0957419
0.490587   -0.348628   0.000566678
-0.310714   0.421404   0.239185
0.295685   0.0161069   -0.263971
-0.0665384   -0.0560412   -0.0858743
0.23682   -0.420923   0.0893826
-0.0769998   -0.280452   -0.369909
0.041196   0.107175   -0.146258
-0.395192   -0.214988   0.0173652
-0.496489   -0.464131   -0.471818
0.482837   0.374786   0.0255305
-0.0421558   -0.286993   -0.292093
-0.415346   -0.263927   -0.399879
-0.045042   -0.414269   0.325356
0.470328   0.194591   0.264157
-0.18941   -0.299358   -0.382873
0.259157   -0.312732   0.183428
-0.264914   -0.138652   0.109516
-0.22486   -0.476276   -0.296744
0.19134   0.169768   0.268289
0.0468615   0.14214   0.130048
-0.356273   0.483598   -0.251055
0.265939   -0.047181   -0.381228
0.249136   -0.119289   0.1105
0.424137   0.133549   0.452815
0.226445   -0.359675   -0.0534685
0.333839   0.140955   0.396615
0.18018   0.340176   0.453268
