-0.22189   -0.12788   -0.0600519
0.702004   0.0758551   -0.0441018
0.304756   0.0703743   -0.631241
-0.210523   -0.00863506   -1.39966
-1.71639   0.833719   0.860051
1.3489   -0.24071   0.253052
0.387762   -0.737393   0.0864984
-0.503935   0.440386   -2.74172
-1.81012   -0.866948   -1.10591
-1.29754   0.652009   0.392548
1.05883   0.459803   -0.798094
-0.882821   0.530789   -0.050645
-0.369312   -1.21302   1.09801
-0.957328   0.0575439   1.94433
-0.854602   -0.960337   -0.410683
-1.83308   -2.27184   1.51271
-0.432835   -1.09139   -0.491048
-1.03191   1.95013   0.379781
-2.88897   1.01386   -0.136724
0.643877   -1.47008   0.0102787
-0.685413   0.0771632   1.19437
-0.133105   -2.36281   0.688897
-0.211337   1.82026   0.50891
0.0863936   -0.437623   0.0379602
-0.279711   -0.0552112   -1.03019
0.51041   -0.0940413   0.283357
-0.360147   -1.0944   1.54208
-1.17436   -2.04008   1.89012
1.06746   -0.383475   -0.933959
-0.0296908   0.864977   1.07978
0.724782   -0.307235   -0.973568
-1.2994   1.44359   -0.538637
0.275935   -0.0530824   -1.6039
0.123155   1.4188   -0.5558
0.103928   1.43005   1.20881
-0.134183   -0.475026   0.295326
-0.396622   1.17239   0.967051
0.0758397   0.992509   0.989426
-1.07282   1.56737   -0.0724375
1.25808   0.206472   0.976218
0.0695084   2.21961   -0.351646
0.265423   -0.536826   -0.163353
-1.09391   -0.703512   -1.58556
0.0114326   0.321924   -0.793423
0.183906   1.37212   -1.07514
-1.00896   -0.562308   2.0679
0.588595   -1.32963   -0.603313
0.373622   -0.308822   0.0312642
0.653338   -1.26797   0.763912
-0.425426   -2.35784   1.80423
-1.32405   2.07011   -1.90015
0.967196   0.30725   -1.20677
1.1985   -0.210133   0.110922
0.104551   1.4951   -0.0775006
-1.18988   -1.29282   -1.07848
1.14866   -1.29578   0.477364
-0.323509   1.56586   -0.547212
-1.4225   -1.35134   1.65034
0.0250043   1.58663   -0.407119
-0.370156   -1.12654   0.492622
2.12613   -1.71354   0.304109
0.265362   -1.03436   -0.18829
2.73125   1.87454   -1.26494
1.7276   1.06493   1.13875
-2.07845   -2.33726   -2.43412
-0.447843   -0.935344   -1.49443
-1.40644   1.84525   0.264069
0.90228   -0.124079   -0.891947
-0.957873   0.358868   0.0309154
-0.181332   0.665154   -0.127949
2.78138   -0.777466   -0.544601
-0.486783   0.0319102   -0.791587
1.08307   0.578773   -0.491534
0.595411   2.07426   -0.677553
1.14032   0.882489   -0.212256
0.245116   0.200971   -0.0930834
1.07056   -0.373096   -2.17132
-1.162   1.29994   1.50506
0.151339   0.413902   -0.277803
3.21029   0.180189   0.332327
-1.23343   0.585752   0.539472
-1.74695   0.16169   -0.627023
-0.901328   0.0209482   -0.171798
-0.0681173   -1.32087   -0.53102
0.227353   -0.485812   -1.93764
1.07378   -0.652655   2.96109
-1.10535   1.85476   0.473088
-1.18464   0.297267   -0.319544
0.0463412   -0.187526   0.629596
0.0443017   0.90735   -0.0665033
-0.385949   0.921266   0.171344
-0.325407   -0.851436   -1.13336
0.928589   0.69108   -0.608887
-0.976924   -0.76624   1.16765
-0.713886   0.346335   0.531222
-2.17003   -0.69217   -0.0171794
3.20046   0.131292   0.285572
0.521342   0.520462   1.74273
0.934307   -0.757153   -1.53669
1.07516   -2.15299   -1.80376
0.322403   2.13509   0.269556
1.73306   -1.05167   3.746
1.91526   -0.524269   1.27704
0.945   -0.33856   0.0878759
-1.00849   -1.96641   -0.648076
1.46331   -0.870224   -0.953946
-0.132404   -0.979595   1.07823
-0.102572   1.46632   1.25103
