0.359572   -0.0423868   0.0894355
0.190381   -0.45309   0.45991
0.147012   0.475066   0.365396
-0.023322   -0.39611   -0.046545
-0.00125177   -0.394608   -0.216826
0.469154   0.256684   -0.152387
-0.0344091   -0.294632   -0.174123
0.350567   -0.00623317   0.200307
0.132913   -0.390779   -0.114301
-0.228658   -0.313419   -0.23191
0.404781   -0.269702   0.266355
0.263683   -0.168089   -0.351965
-0.223909   -0.098116   0.299554
0.0948796   -0.390235   -0.233552
0.00469003   -0.351592   0.432116
-0.0683708   0.453675   -0.128265
0.293649   -0.164801   -0.0368783
-0.120423   0.086025   0.306699
0.195325   0.466891   0.435035
-0.377042   -0.448869   -0.063186
0.178241   0.288974   -0.361287
0.439025   -0.0883088   -0.367074
-0.454056   0.152703   0.192539
-0.0817045   0.239484   0.0747484
0.479547   0.0472254   0.243813
-0.119422   0.394954   -0.130844
0.128147   0.169798   0.020129
-0.302174   -0.0254992   -0.264539
-0.0243547   -0.186162   0.436474
0.45606   -0.194533   0.303939
-0.478434   -0.461154   0.182513
0.480494   0.168571   0.11507
0.444167   -0.395308   0.200365
-0.196851   -0.230377   0.281513
-0.23466   0.253762   -0.409729
0.095683   -0.273189   -0.138282
0.222259   -0.315647   -0.440403
-0.0633775   -0.127205   -0.188778
0.351454   -0.239908   0.172616
0.0568342   -0.256018   -0.0441962
-0.451045   0.063921   0.0812614
-0.0335902   0.39582   -0.311671
-0.302783   0.203465   0.0799454
0.250225   0.1405   0.200814
-0.213473   0.0407158   0.214589
-0.310003   -0.244473   -0.0186839
0.148116   0.0324887   -0.388072
0.364005   -0.170868   0.11725
0.34651   -0.456725   -0.319235
-0.128907   0.0962321   0.0045031
0.0174375   0.194871   0.109437
0.303217   0.45387   0.352679
-0.343223   0.489082   0.465579
0.18179   0.0304793   0.484132
0.322401   -0.0709055   -0.35842
-0.225315   -0.496582   -0.469511
0.0542509   -0.362486   -0.0593543
-0.364027   0.27288   0.136933
-0.252514   0.418174   -0.414894
-0.275075   0.0531328   0.394185
-0.0785522   -0.13445   -0.103915
0.00762201   -0.265783   -0.233017
0.0491835   -0.358776   -0.406632
0.361672   0.191176   0.237114
0.47316   -0.49594   -0.147958
-0.481718   -0.390223   -0.380231
0.4405   -0.42663   0.281237
-0.231173   0.281778   -0.251241
0.155071   -0.492307   -0.410584
0.274295   0.494787   0.480768
-0.445434   0.499275   0.49246
-0.331862   0.012579   -0.057084
-0.464152   -0.398624   -0.0629186
-0.369422   -0.433924   -0.387773
0.337237   0.0882478   0.47936
0.101784   0.235649   -0.0124911
-0.0429079   0.422454   0.317102
-0.234475   0.478738   0.148875
0.0478761   0.2778   0.0638275
-0.349623   0.230591   0.0152233
0.35151   -0.486258   0.262133
0.483795   -0.0593743   0.208526
-0.200882   -0.0382718   0.168587
-0.0288059   -0.481559   -0.0428695
-0.201416   0.240895   0.377132
-0.282356   0.344022   -0.269735
-0.490086   0.236091   0.0667189
-0.215174   -0.173288   -0.259556
-0.361232   0.0809859   0.161656
-0.436672   -0.366431   0.233564
-0.0395503   -0.379834   -0.127365
0.0817366   -0.0548679   0.44585
-0.406258   -0.319584   0.145819
0.288361   -0.421484   0.313968
-0.378822   -0.0153958   -0.178361
-0.260291   -0.390461   0.0686876
-0.449523   0.0718711   -0.44474
0.287111   -0.201387   -0.494682
0.128241   0.175871   0.342906
0.1472   0.175963   -0.372225
-0.190303   -0.491521   -0.0668109
-0.140045   -0.0640658   0.0561142
-0.455844   0.352785   0.19092
0.47668   0.298715   0.116583
-0.0469284   -0.0082661   0.389524
0.0613495   0.232909   -0.243422
0.298076   -0.454476   0.402042
-0.177912   0.342276   0.327599
