0.483132   0.355594   -0.492997
-0.347179   -0.467585   -0.485488
0.486201   -0.482643   -0.302126
-0.35804   0.343058   -0.298582
-0.181642   0.366675   -0.468449
-0.0256254   -0.489858   -0.490569
-0.196789   -0.486002   -0.315067
-0.0231994   0.348246   -0.310876
0.168355   0.348832   -0.473196
0.307614   -0.489142   -0.473532
0.136339   -0.487097   -0.317684
0.311741   0.351214   -0.318815
0.465332   -0.313472   -0.480044
-0.363587   -0.173612   -0.46814
0.465633   -0.151563   -0.301779
-0.367978   -0.327525   -0.295324
-0.178939   -0.312178   -0.475938
-0.0128453   -0.15826   -0.481265
-0.179893   -0.156875   -0.311314
-0.028099   -0.34875   -0.305297
0.147265   -0.317888   -0.482433
0.300605   -0.14795   -0.473091
0.137878   -0.183724   -0.303197
0.301231   -0.327043   -0.302092
0.472484   -0.000454406   -0.470393
-0.3412   0.169158   -0.473351
0.477106   0.173221   -0.311115
-0.350063   0.00649803   -0.309902
-0.183708   0.00287692   -0.460497
-0.000318859   0.190447   -0.458672
-0.198457   0.167484   -0.293493
5.7178e-05   0.00256798   -0.320084
0.15365   -0.000587469   -0.473187
0.336083   0.169369   -0.479323
0.177886   0.151744   -0.317024
0.305602   -0.0223442   -0.296017
0.471511   0.355676   -0.149949
-0.367286   -0.497783   -0.130315
0.462367   -0.491291   0.0201762
-0.345941   0.326397   0.0118446
-0.18059   0.34409   -0.157837
-0.0300546   -0.493364   -0.138278
-0.190462   -0.48616   0.0294941
-0.0418237   0.339633   0.0126783
0.132083   0.339879   -0.142308
0.304678   -0.497898   -0.137661
0.125416   -0.495674   0.0222144
0.280069   0.355622   0.0292559
0.498964   -0.31428   -0.128334
-0.351586   -0.152196   -0.145833
0.495612   -0.157641   0.0293454
-0.345632   -0.318306   0.031528
-0.197863   -0.332039   -0.149097
-0.0128595   -0.169789   -0.154357
-0.176544   -0.151795   0.00943803
-0.0410129   -0.330825   0.0305416
0.13997   -0.350653   -0.142866
0.323721   -0.164656   -0.124535
0.132039   -0.152678   0.0128077
0.300171   -0.33667   0.0241623
0.472655   -0.000763144   -0.131028
-0.350057   0.17022   -0.146063
0.462624   0.1987   0.0224237
-0.347232   0.015478   0.0197367
-0.182538   -0.00043688   -0.150015
-0.0206949   0.154972   -0.150583
-0.179903   0.178263   0.0207582
-0.0226386   0.0174255   0.0263521
0.137011   0.0149501   -0.150167
0.306564   0.188614   -0.140464
0.114754   0.176962   0.0314824
0.312388   0.0144857   0.0251007
0.485148   0.341079   0.221823
-0.361295   0.494814   0.193336
0.478211   -0.459764   0.358118
-0.345548   0.33331   0.358227
-0.197638   0.352867   0.203152
-0.0246201   -0.488121   0.204951
-0.177547   -0.497417   0.375021
-0.00174214   0.334251   0.364496
0.137182   0.343977   0.194242
0.328658   -0.498379   0.190743
0.178968   -0.490297   0.352224
0.301286   0.34568   0.347995
0.497612   -0.302562   0.189262
-0.343527   -0.134734   0.196428
0.464927   -0.155225   0.366558
-0.342703   -0.33159   0.346812
-0.193723   -0.319699   0.186654
-0.00722471   -0.142182   0.188759
-0.212063   -0.131838   0.371956
-0.0236171   -0.312823   0.349893
0.147714   -0.309648   0.168732
0.321032   -0.160614   0.20608
0.146122   -0.157163   0.355657
0.307667   -0.312327   0.356877
0.458993   0.0165986   0.194944
-0.362355   0.173173   0.173574
0.477025   0.157227   0.350864
-0.340454   0.0439823   0.341438
-0.176127   0.0282723   0.188815
-0.00841859   0.170325   0.210407
-0.16491   0.189172   0.375223
-0.02186   0.0118108   0.374897
0.165593   -0.00467744   0.189144
0.296541   0.181556   0.173781
0.15015   0.176291   0.375296
0.297071   0.0285246   0.352425
