-0.245421   0.111376   -0.128593
0.156687   -0.231135   -0.237322
-0.207556   -0.199964   0.262879
0.250248   0.265525   -0.171145
-0.0501736   -0.319027   -0.237641
0.43718   -0.374975   0.05119
-0.405159   0.0741688   0.0266998
-0.341572   -0.0121428   0.227993
0.399929   -0.0789632   -0.459251
-0.253321   0.331962   -0.283304
-0.0521638   0.0631034   -0.040586
0.0700538   -0.061446   -0.143899
0.497712   0.0310469   -0.245474
-0.125936   -0.362135   0.330708
0.228678   0.13375   0.313292
0.112831   0.40981   -0.454319
0.162326   0.238435   -0.370002
-0.13622   -0.167037   -0.130145
0.253515   -0.324065   -0.015495
0.269912   0.413967   -0.0503381
0.4809   -0.203622   -0.320188
0.298709   -0.160363   -0.106461
0.258796   0.5   0.379539
0.347913   -0.198677   0.17936
-0.0872353   0.237736   -0.194614
-0.380087   0.270371   0.0815479
0.441894   0.234511   0.409398
0.486966   0.464467   0.426533
0.248197   -0.161478   0.366297
-0.0649105   0.383205   0.0401673
0.0763085   -0.0394654   0.412322
0.100499   -0.411594   -0.125196
-0.11769   0.461919   -0.180353
0.313814   0.384002   -0.378737
-0.231158   -0.0210253   0.0538293
-0.430147   -0.24848   0.165926
-0.124866   0.154321   0.382409
-0.0199927   -0.140518   -0.30341
0.433442   0.291655   -0.0395289
0.452557   -0.366885   -0.14736
0.442639   0.41705   -0.206869
-0.437493   0.150474   -0.425805
0.252347   0.0805148   -0.47442
-0.324488   -0.0781771   0.411003
0.408737   0.21986   0.194326
0.137281   -0.135611   -0.42117
-0.257743   -0.275418   -0.481529
-0.0320032   0.480309   0.232701
0.447402   -0.363875   0.297539
-0.352757   -0.441813   -0.382799
0.417034   -0.00139106   0.218077
-0.387684   -0.496728   -0.158664
-0.40675   0.367492   0.289263
0.0896944   0.220209   -0.0450209
0.0529404   0.276402   0.161626
-0.256619   0.0867984   -0.45393
0.264365   -0.282927   -0.374657
-0.191468   0.170088   0.138792
-0.173513   -0.365569   0.143268
-0.296771   -0.30915   -0.229611
-0.314   -0.466497   0.426867
0.267737   -0.411353   0.16209
-0.387982   -0.33537   -0.0194315
-0.143542   -0.446262   -0.384533
0.0843821   -0.443671   -0.32199
-0.474313   -0.322093   0.491846
0.266392   0.302335   0.434269
0.323515   -0.301248   0.45117
-0.221528   -0.425213   -0.0612424
0.0430142   0.30491   0.365796
-0.36018   0.155185   0.358055
0.131537   -0.37535   -0.495393
-0.446449   0.371176   -0.36765
0.45179   -0.440359   -0.369313
0.26579   0.259245   0.0533856
0.229247   0.369816   0.219159
0.103694   -0.167587   0.150074
-0.0784373   -0.0313484   0.177046
0.233083   0.00524024   0.134605
-0.369211   -0.440245   0.233543
0.440314   -0.059243   0.00611498
0.381941   0.184503   -0.346531
0.0680443   -0.246212   -0.0328463
-0.119713   -0.0719538   0.452073
0.108169   0.499401   0.0495852
-0.18617   0.384476   0.435214
0.464924   -0.164972   0.347886
0.0384716   0.0512026   -0.416639
0.401008   0.436712   0.13298
-0.208468   -0.105437   -0.365138
0.0714704   0.394133   -0.211218
0.0812865   -0.27247   0.324988
-0.0975693   0.0344303   -0.253296
-0.267899   0.344997   -0.0454413
0.348997   0.102506   -0.0975355
-0.420442   0.23433   -0.188538
0.278329   -0.445638   -0.208045
-0.233033   -0.213263   0.0338182
-0.432163   0.457339   0.029081
-0.0238854   -0.480251   0.442235
-0.0400158   -0.27551   -0.463104
-0.0668941   0.289833   -0.395381
-0.389883   -0.0685645   -0.399182
0.497943   0.0237991   0.420291
-0.340117   -0.116768   -0.099279
0.0722165   0.133643   -0.224196
0.247561   -0.00656761   -0.228424
-0.231525   0.424198   0.198583
