-0.494281   -0.168582   0.141906
0.226488   -0.446173   0.0333964
-0.0642347   0.0779897   0.484613
0.161309   -0.273053   -0.401506
-0.0857029   -0.0326382   -0.343058
0.268377   0.134489   -0.350892
0.389223   0.443957   0.200001
0.477152   -0.185926   -0.129484
-0.19962   0.144916   0.103826
0.1722   -0.207334   0.293238
0.0536239   0.407422   0.497841
-0.0110442   0.258949   0.386598
0.371259   0.235935   0.243364
0.0405652   -0.471511   -0.331559
0.396397   -0.143376   0.442988
-0.300366   -0.455643   0.32975
-0.227456   -0.112417   -0.182469
-0.369776   0.0284311   0.0947649
0.366215   -0.0923755   0.0133827
-0.347346   -0.261863   0.260379
-0.0942504   0.482199   0.372996
-0.196813   0.458087   0.178247
0.0544541   0.0790957   -0.276373
0.339799   0.115272   0.0608107
-0.234806   -0.165534   -0.410138
-0.439262   0.399349   -0.20425
0.35168   -0.368211   -0.449246
0.472688   0.182007   -0.191404
-0.0652865   0.493572   -0.0314787
0.426731   -0.331104   0.016951
0.133915   -0.0702   -0.0357342
0.49608   -0.482803   -0.410139
-0.29703   0.319377   0.0754759
-0.031235   0.412881   -0.202481
0.122532   0.184754   -0.468397
-0.199581   0.235634   0.279437
0.411612   0.43205   0.433151
0.199869   -0.0122478   0.16573
0.391012   -0.459934   -0.139275
0.0467559   -0.352829   0.422696
0.0363879   -0.125757   -0.181012
-0.111455   -0.246659   -0.297477
0.0791215   -0.318704   0.0627589
-0.474482   0.456577   0.0254629
-0.348434   0.213107   -0.476136
0.112917   -0.0638867   -0.390407
-0.336977   -0.0552072   0.293967
-0.410755   -0.076323   -0.270668
-0.424174   -0.383072   0.142588
-0.497845   0.0387003   -0.0603771
-0.265665   0.0635067   -0.37246
0.378161   0.383187   -0.322694
-0.173931   -0.106537   0.399879
0.321378   0.265844   -0.489713
-0.399024   -0.404329   -0.262919
0.0228906   -0.0865552   0.158325
0.323124   -0.28832   -0.253596
-0.267235   0.0589338   0.430119
0.109469   0.11409   0.310663
0.470592   0.07422   0.44329
-0.363998   -0.362183   -0.0408069
0.225497   -0.0279782   0.401328
0.225598   0.474725   -0.239252
-0.359002   0.404963   0.485535
-0.393401   -0.336064   0.471621
-0.46078   -0.256312   -0.373003
-0.171963   -0.132272   0.167565
-0.23086   0.433848   -0.259613
0.41574   -0.0066824   0.243501
0.345669   0.322518   -0.0690245
0.0261482   -0.104431   0.425103
-0.178873   0.328386   -0.472668
-0.417257   -0.0791354   0.489033
-0.293424   0.236382   -0.232713
0.232927   -0.493189   0.309796
0.190275   0.30154   0.311867
-0.287271   0.462969   -0.0794073
0.135352   0.322212   -0.304199
0.303124   -0.227177   0.147226
-0.0968602   0.0135677   -0.0462315
0.0402144   0.160156   -0.0776965
0.0216962   -0.429462   0.209396
0.0160173   0.373293   0.11293
0.120187   0.368241   -0.0687901
0.000789266   0.183994   0.154489
0.35446   -0.30076   0.332666
-0.378384   0.156167   0.257943
-0.43832   0.347729   0.293672
0.274371   -0.24626   -0.065701
0.219267   0.192163   -0.140655
0.137701   -0.371317   -0.124697
-0.111483   0.282682   -0.0281902
-0.304316   0.0680995   -0.121224
0.384155   -0.0924572   -0.34728
0.491997   -0.444566   0.327825
0.237706   -0.0135881   -0.202894
-0.136919   -0.455819   -0.433663
-0.215743   -0.355756   0.100861
0.490506   0.245803   0.0773743
-0.0815187   -0.190618   -0.00339487
-0.483033   0.0897135   -0.363949
-0.136512   -0.289692   0.33618
-0.0836139   0.230345   -0.266625
-0.103936   0.0639522   0.260505
-0.311865   -0.171559   0.0335784
0.255255   0.467558   -0.457982
0.218074   0.27866   0.118009
-0.179624   -0.367636   -0.111646
