-0.605421   -0.286976   -0.24166
-1.95931   -0.140263   -0.916663
-0.822835   -0.88452   1.63579
0.106799   -1.18946   1.72594
-1.48968   -1.04745   -0.659339
-1.28492   -0.0107698   -1.49403
-0.415283   -0.508819   0.771564
-0.582993   0.787028   -0.773482
0.598395   0.283135   0.475379
1.66237   0.713964   0.0317349
-0.170807   0.491491   0.0580654
0.0141333   -0.522024   -0.983802
1.6787   -1.06408   -0.945013
-0.642057   -0.213761   0.279116
-0.906195   1.73931   -0.75456
0.499874   1.02066   -0.407211
0.499779   -0.886386   -0.610401
1.57295   1.13404   0.0611144
0.0796253   -0.0104525   -0.218471
-2.10162   -0.555889   0.00948382
-1.69328   -0.243285   1.96495
1.53651   -1.53129   -0.704805
0.0990852   0.748711   -1.2356
-0.509085   -0.797813   0.386598
0.735808   0.808904   -0.943258
-0.633279   1.61745   -0.989688
0.475615   -1.035   -0.950092
0.844312   0.202153   2.09122
0.37848   0.514645   -1.52959
1.13963   -0.456158   0.570481
-1.89995   0.473477   0.50366
-0.964646   1.50008   -0.0750163
2.25665   -0.375597   0.909041
0.846494   0.883277   1.90343
-0.248349   -0.326047   0.787318
-0.0387116   0.219213   -2.11467
-2.39631   -1.52904   -1.53367
-0.229319   0.45701   0.551831
3.2422   -0.158662   0.975439
1.23328   -1.49387   0.868709
-0.298428   1.45145   1.50682
-1.43006   0.0213851   -0.531439
1.04786   1.789   -0.697679
-0.460503   -0.948577   0.30989
-2.08997   -1.51446   -0.416516
-1.87234   -0.749649   -1.95753
1.4737   0.0744745   0.300783
-0.0410032   1.48471   0.458215
1.97949   -0.349083   -1.54852
0.287442   1.25817   1.76984
0.473109   -0.289753   -0.830052
0.350006   -0.106343   -1.25566
0.709273   0.722624   0.982852
-1.71216   -0.699752   -1.18874
0.777842   -1.10902   -1.2672
1.23019   -1.59644   -0.610831
-0.497859   0.434754   1.78512
1.97514   -0.883752   1.56519
-1.4524   -0.293008   -0.280669
-1.5563   0.6083   -0.911331
0.767016   -0.00951622   0.127351
0.287381   -1.07672   -0.102185
-0.599009   -1.92564   1.01158
0.217583   0.704394   1.86764
-1.0197   -1.47565   0.571907
0.245371   0.210549   -0.0400841
-0.291319   0.639873   0.00658853
-0.305428   0.667497   0.428342
0.479401   -1.61331   0.334326
-1.12763   -0.0323264   -0.484569
1.6723   -0.605973   -0.270347
1.0111   0.962988   -1.67538
0.253702   -0.600362   0.00945677
0.753435   1.16098   0.336928
2.70152   1.23782   -1.3254
-0.104519   -2.06029   2.00443
-0.718013   0.178414   -2.0853
-0.350523   0.567235   -0.655906
1.28116   0.949441   0.630649
1.12786   0.467743   -0.517137
1.5336   0.6185   0.708914
0.0542786   1.07589   -0.142246
-0.0885757   -0.400539   1.29544
-1.31965   0.63042   -0.875347
0.590218   -0.555157   0.152882
-1.19508   1.70022   0.129685
0.0287104   -0.227003   1.01406
1.4673   -0.810193   -0.249153
-1.13729   1.15812   -0.161232
-1.41909   1.37123   0.620858
-0.940614   0.291221   0.763432
-0.172358   -1.30006   -0.530523
-0.77776   0.867973   0.743824
-1.35968   -1.23852   0.56288
-0.970377   0.371806   -1.51871
-0.833269   0.241749   0.937053
-0.0117672   -1.57749   1.55825
-0.404841   1.12504   1.03299
1.45951   -0.248954   0.657605
0.40092   -0.300289   -1.64313
-0.717598   0.422494   -1.30422
-2.53799   0.247418   -0.45439
0.117361   0.183936   -1.17939
0.594668   0.118854   0.221029
1.36796   -0.100669   1.08329
0.966212   0.814332   -0.485924
-0.27232   0.380477   -0.212236
0.496159   -0.839903   1.43901
