-0.462291   -0.393174   0.266095
0.218501   -0.108511   -0.235628
0.441024   0.14917   0.164086
0.237651   -0.0793307   0.450583
0.170064   -0.358893   -0.21891
0.333175   0.0509754   -0.107168
0.0197994   0.377545   0.333925
-0.141065   0.0270045   -0.184169
-0.267115   0.488677   -0.223544
0.428941   -0.370088   0.30592
-0.464474   -0.273586   -0.263953
-0.321435   -0.305398   0.339819
-0.201301   -0.0467862   0.306784
0.348346   -0.442462   0.34814
-0.196292   -0.119515   0.425366
0.0666056   0.407025   0.275676
0.133963   -0.144774   0.0347519
-0.00660848   0.410098   0.063745
-0.450095   -0.494669   -0.0690689
-0.307116   -0.319957   0.24311
-0.0467298   -0.238515   -0.275205
-0.0992862   -0.240564   0.266547
-0.343545   -0.0871855   0.0306559
0.274055   -0.127334   -0.357254
-0.0961101   0.123919   -0.106847
-0.435143   0.375144   -0.209896
0.294015   -0.286342   -0.405135
0.423212   0.250841   -0.00574959
-0.258788   0.0594377   0.0176125
-0.382201   -0.118398   -0.473214
0.188817   -0.28472   0.276217
-0.273542   -0.322531   -0.390746
-0.420044   0.171248   -0.135702
-0.045447   -0.325628   0.223491
-0.385587   -0.488386   0.345249
0.288883   -0.326227   0.382776
-0.269435   -0.412234   0.134502
-0.225107   0.480709   0.252096
0.0601313   -0.153659   -0.202071
-0.431741   0.273881   -0.314159
-0.340664   -0.192121   -0.48603
0.499926   0.0294278   0.133097
0.485818   -0.446163   -0.369608
0.2788   -0.457667   0.305421
-0.381133   -0.315136   -0.0606337
-0.282269   -0.124606   0.115355
-0.454578   -0.0988333   0.177536
0.0766672   0.479528   -0.0795033
-0.445671   -0.0711912   0.385409
-0.378605   -0.301552   -0.283669
0.240689   -0.336034   0.131629
-0.388551   -0.339168   -0.203291
-0.107646   0.460165   0.0499277
0.238906   -0.171389   -0.117885
-0.163386   0.0905319   -0.0738403
-0.0261863   -0.0752339   -0.121459
-0.197491   0.109468   -0.181652
-0.295303   0.374254   0.264292
-0.382902   -0.118837   0.12346
0.141375   -0.0625181   0.073749
0.259342   -0.337289   0.225442
-0.0887468   0.39237   -0.0221608
0.43051   -0.235454   -0.147731
-0.155899   -0.194241   0.31635
-0.218074   -0.367986   -0.44041
-0.340233   -0.426942   -0.419617
-0.369584   -0.485317   -0.3243
0.00570298   0.437426   0.399759
-0.102801   -0.434481   0.449405
-0.0253797   0.339134   -0.376534
-0.498103   -0.354569   -0.225361
-0.478785   -0.0764185   -0.295973
0.18705   0.484987   -0.16357
-0.499607   0.399377   -0.371578
0.374784   0.346308   0.243266
-0.113408   0.0403908   0.186937
-0.243847   -0.145418   0.356321
-0.478587   -0.083344   0.262896
-0.0665071   0.155295   0.0877041
-0.175744   -0.174847   -0.0302665
-0.334597   -0.104514   -0.313289
0.206012   0.207401   -0.247305
-0.328924   0.491923   -0.179533
0.119042   0.228241   0.339708
-0.300605   -0.0947155   0.384081
-0.476763   -0.0917101   -0.378574
0.336775   0.311575   0.126824
0.155852   0.00133908   -0.0693897
-0.323128   -0.174693   0.0668933
-0.108572   0.382985   -0.229267
-0.412705   0.346258   -0.144965
0.286626   0.00601773   -0.21725
-0.0730608   -0.382285   0.370701
0.343592   -0.0743483   -0.0144882
0.383807   0.495885   -0.14933
0.363678   0.412419   0.199005
-0.12138   -0.370386   -0.307844
0.281793   -0.437951   -0.236349
-0.368829   -0.238491   0.0257043
-0.453803   -0.131276   0.0862417
0.248191   -0.427441   -0.0596954
0.276819   -0.455263   -0.150602
0.175062   0.411833   -0.33614
-0.189724   -0.0453036   -0.446211
0.167504   0.313955   0.438334
0.0448982   0.0988927   0.0583654
-0.250062   0.0210766   -0.0647763
0.221215   -0.372235   -0.43391
