0.0374884   -0.403589   -0.120661
-0.0696179   -0.0877971   0.115354
0.287855   0.305199   -0.136829
-0.322471   0.425229   -0.407165
0.361564   -0.360213   0.402403
0.21914   -0.0418325   -0.184943
0.0102623   0.0394811   -0.343558
0.216719   0.191825   -0.0767292
0.195889   -0.132415   0.475754
-0.277729   0.39286   -0.131451
-0.302229   0.15751   -0.427901
-0.167501   0.224502   -0.0608536
0.19378   -0.363266   0.0192737
0.24686   -0.381144   -0.298737
0.396564   -0.239269   0.261666
0.378646   -0.285295   0.441789
0.150779   0.0252275   0.020032
-0.127882   -0.340085   -0.462346
0.0788237   -0.409863   -0.382251
-0.340301   0.218251   0.102041
0.333052   0.17021   -0.361121
-0.130811   -0.469392   0.474268
0.39043   0.00167863   -0.0767936
0.261106   0.286087   0.275754
0.0542673   -0.158197   -0.098274
0.131792   -0.141628   0.391286
0.324892   0.496596   -0.42939
0.452014   0.0569427   0.0759561
-0.0871219   -0.287165   -0.166175
-0.384657   0.488009   -0.465477
0.0931653   -0.232394   0.0008843
-0.349284   0.0798612   -0.307496
0.0506033   -0.299571   -0.35554
-0.373602   0.284674   0.11187
0.359324   0.178769   0.317583
-0.393613   0.0167284   0.128948
0.353818   0.167247   0.466183
-0.0711493   -0.434999   -0.0435602
0.312611   0.336014   0.351173
-0.487256   -0.239434   -0.394211
0.19652   0.453584   0.460036
-0.331323   -0.415409   -0.358977
0.224779   0.363155   0.499778
-0.409249   -0.221392   0.222883
-0.427499   -0.361281   -0.364338
0.443548   0.404384   0.232386
-0.0631614   0.154926   0.336296
-0.111783   -0.15312   0.177575
-0.337512   -0.202229   0.402854
0.031837   0.0436715   -0.0340352
0.440641   0.140811   0.169408
-0.0672655   0.219555   0.051318
-0.0780283   -0.478606   0.380266
-0.0653803   0.394827   -0.0918051
-0.369455   -0.0213813   0.211675
-0.397957   -0.135738   0.0783529
-0.0500049   0.192356   -0.183582
0.428125   -0.391427   -0.463031
0.0216289   -0.296229   -0.0388934
-0.383992   -0.129221   0.406171
0.211457   0.215305   -0.198011
-0.0397752   -0.0284969   0.493921
0.107814   -0.390459   -0.048425
0.213061   -0.14451   0.314171
-0.175898   -0.170022   -0.188857
-0.00360966   -0.125076   0.0621933
-0.174243   -0.0328993   -0.478164
-0.304732   -0.490498   -0.298922
0.286914   0.344915   0.156574
0.0780599   -0.0833795   0.200509
-0.39636   -0.0897871   -0.469721
-0.393088   -0.0137208   0.0193931
0.46816   0.186364   0.103534
0.426973   -0.22458   -0.0233608
0.0324132   0.0259672   -0.133566
-0.0428634   -0.35179   -0.166553
-0.303526   0.30737   0.0528387
-0.468239   0.370139   -0.311074
0.177442   -0.269854   -0.207841
0.148921   -0.0496412   -0.212494
-0.395096   0.0953683   -0.216122
0.282754   -0.229987   -0.00211689
0.0648549   0.162373   0.325329
-0.304653   0.240311   -0.415251
0.276016   0.415531   -0.458261
-0.483757   -0.0711947   -0.416727
-0.227282   0.270064   -0.336844
-0.470985   0.334957   0.455059
0.272901   -0.0092196   -0.0751918
-0.421782   -0.307749   0.441669
-0.00426911   0.102741   -0.210418
0.0199969   -0.331675   -0.211177
0.101472   0.100677   -0.0224703
-0.468417   0.258278   -0.0921
0.0593628   -0.183291   0.284402
-0.0701795   0.463891   -0.00221022
-0.0344837   -0.481768   0.451407
0.288672   0.028525   0.282013
0.0178467   0.441228   -0.0091336
0.459102   -0.148596   0.18081
0.191231   0.354909   -0.419195
0.0399048   0.195883   0.458816
-0.233929   0.417867   -0.316247
-0.136648   0.154303   -0.12585
-0.0617025   -0.215138   -0.459682
0.117265   0.42222   -0.0801546
-0.0746849   0.0209401   0.123586
-0.353114   -0.283459   0.404704
