1.15317   0.182924   0.890521
1.4013   -1.94107   0.510302
0.950708   0.816972   1.31864
-0.769426   0.904854   1.25936
-0.253571   2.76498   -0.166669
0.0432831   -0.147962   -1.04554
-0.36538   0.968854   0.812202
0.19036   -0.548049   -0.760887
0.205113   0.373597   -0.209788
0.120962   -0.017041   -0.262897
0.171188   1.18248   -0.160672
-0.329596   -0.736952   0.370112
0.355323   2.03746   1.63228
-1.12823   -0.494671   -0.841975
0.016173   -1.13731   1.26096
1.17754   1.58772   -1.69476
0.3836   1.82165   -0.429099
0.990589   -0.327099   0.997873
-0.151582   0.480032   2.2348
-0.626205   1.88789   -1.96425
-1.41665   -0.85705   0.888477
0.829815   1.80566   1.17197
1.56014   0.680861   -0.842348
-0.390917   0.388833   -0.0400565
-1.07564   -1.00652   2.89446
1.28349   0.220739   -1.53721
-0.317484   0.433764   -0.604363
-1.64514   -1.0737   0.659943
-0.629805   -2.43773   0.955898
0.13722   -0.7489   0.95197
-0.225525   -0.756125   -0.0224814
-1.11951   2.19235   -0.20458
1.34811   0.681433   1.62829
-0.526229   -0.126326   -3.02542
0.0578356   0.614306   -0.336038
-0.826224   -0.936201   1.02597
-0.984582   -0.620864   -0.338377
-0.012002   -0.256322   -0.840249
1.06996   0.555655   -0.374535
0.934652   -0.101538   0.909868
-1.64991   -0.875029   2.28065
-1.02473   -0.00444395   -0.605359
-0.631233   1.44556   -2.4067
-0.107865   0.820603   0.256906
0.12506   -1.37087   -0.0509658
1.41527   0.383087   -0.762782
1.47974   0.725359   -1.78344
-2.00887   -0.383632   0.707489
-0.0450158   -0.674357   0.502705
0.648996   0.790587   -0.455238
1.00082   -1.37576   -0.724877
0.284175   -1.54405   -1.89399
0.309938   -2.12   0.87654
1.46735   -0.743836   -0.920889
0.907319   -1.31764   0.440163
-0.893726   -0.093909   0.852881
-0.648083   2.15508   0.537238
0.212418   0.267254   0.455147
1.00987   1.91393   0.158161
0.102365   -1.85506   -0.099355
-0.352669   -0.904659   -0.252877
-1.94835   0.535367   -1.7105
-0.774842   -1.7329   2.51288
-2.16703   -0.411396   -1.51152
1.26601   -2.06075   0.949307
-0.632299   1.59834   -1.06607
-0.848765   0.93761   -2.00865
-0.294926   1.08796   -1.19072
-1.87654   -1.07343   -0.521234
-1.35286   0.292886   -1.13306
-0.190894   0.454361   0.0898457
-0.372742   0.0298349   0.219373
-1.72702   -0.0219774   1.08272
0.472403   2.11067   0.0210237
0.314654   -0.514259   -1.04289
1.14283   0.956858   0.219991
0.770221   -0.267007   0.800617
2.34438   -0.338825   -0.757608
0.377114   -3.28602   -0.673049
1.09633   -2.62532   0.904521
-0.526456   -0.229084   2.10778
0.2237   1.05767   -0.249362
-0.380568   -0.242515   -2.04163
-0.613573   1.39118   0.480543
-0.62595   1.437   -0.421233
1.66699   -1.09916   -0.0841773
1.46778   0.0640011   1.65158
0.29251   -1.68128   -0.866008
-0.262937   -1.38814   1.25838
-1.99034   1.3046   -0.433216
-3.85543   -0.170955   0.689266
-0.0338578   0.167535   0.625579
-0.205023   0.709979   1.31617
-0.380833   1.0688   -1.61175
2.43063   -0.0589931   -1.63028
0.630418   -0.0273448   -0.505851
0.00869257   -0.941148   -1.16373
0.0984484   -0.42848   0.950557
0.822419   -0.480978   1.09382
0.799525   0.0461373   -1.00112
-0.351756   -0.336674   -1.84633
0.104983   0.269463   0.628882
-0.506137   0.0397823   -0.618598
-0.0498924   0.0790933   1.61299
1.07879   0.0259159   0.599156
1.59536   1.18469   0.957236
-0.0481561   0.29537   -1.35895
-0.175091   -1.27829   0.892126
