-0.0411749   -0.287289   -0.0457302
-0.0522643   -0.391573   -0.301447
0.156216   0.258753   0.129304
0.489341   0.437382   0.261014
-0.4481   0.331196   0.147041
-0.0251273   0.35974   0.033528
0.470882   0.353328   -0.215733
0.0938749   0.0146334   0.223047
0.234368   -0.402052   0.460352
0.286509   -0.305479   -0.483173
-0.0231036   -0.492255   -0.105274
0.421404   -0.230729   0.281807
0.209981   -0.339657   -0.2298
-0.322948   -0.0517351   -0.440815
0.0527633   -0.308827   -0.490025
0.270959   0.335677   0.0550496
0.0322023   -0.346701   0.147237
-0.361317   0.436022   0.433474
0.363658   -0.135183   -0.243946
0.226776   -0.0730403   -0.292122
-0.318693   -0.34553   0.17231
0.325456   -0.214316   -0.490936
-0.291649   -0.131621   -0.492024
-0.476881   -0.17345   0.330229
0.251855   0.210893   0.0396557
0.0766026   0.347853   0.121083
0.342902   0.326804   -0.121476
0.0252845   -0.293757   -0.290599
-0.315751   -0.412944   -0.339098
-0.290648   0.221519   -0.170499
-0.469935   -0.170699   0.444804
-0.18882   0.0620298   -0.154286
-0.22338   -0.401233   0.14497
-0.197937   0.234033   0.139609
0.0629744   0.473153   -0.125698
-0.139975   0.420292   0.0504479
-0.164839   0.0248304   0.301558
0.472057   -0.369957   0.385578
-0.255616   -0.17897   -0.259912
0.180148   0.231529   0.368312
0.320478   -0.0599928   0.0912498
-0.296434   -0.271006   0.337555
-0.282106   0.125162   -0.157908
-0.148207   -0.0464164   0.499502
-0.0790453   0.367865   -0.11759
0.231366   -0.204783   -0.311826
-0.453242   0.0199602   0.490496
-0.179857   -0.0141309   0.185436
0.17498   -0.266088   0.111436
0.00657938   -0.0890668   -0.485646
0.135303   -0.23006   0.195419
0.119788   -0.45991   0.011889
-0.382487   0.38901   0.193624
0.0557751   -0.376162   -0.0829941
0.229081   -0.181663   0.0240044
0.482834   -0.156711   -0.327104
0.316634   -0.331744   -0.0768068
-0.364905   0.180278   -0.190884
0.0704077   -0.0742163   -0.162512
-0.366971   0.293118   0.0335429
0.370558   0.198497   0.0212398
0.264024   -0.0846102   -0.459569
-0.0124005   -0.212306   0.102245
0.235991   -0.100412   0.0865632
-0.0899296   -0.254615   0.061777
-0.237024   -0.275841   -0.459124
-0.357158   -0.195841   -0.189596
-0.370447   0.319478   -0.405587
-0.157923   0.362457   -0.330859
-0.322521   -0.483599   0.373224
-0.480021   -0.418149   0.0454441
0.263953   0.210989   0.438339
-0.10276   -0.0355237   0.178956
0.489783   -0.286707   0.356797
-0.0576701   -0.00037035   -0.424157
0.323782   0.29273   0.301868
0.264101   -0.228672   -0.445858
0.0641804   -0.222859   0.153605
0.176177   -0.445386   -0.433327
0.253721   -0.122372   0.389833
-0.376969   -0.240272   0.0408383
-0.411388   0.246668   -0.277437
-0.231863   0.335213   -0.0940233
0.288278   -0.163492   -0.0291954
-0.308945   0.300063   -0.106286
0.229257   -0.429948   -0.165936
-0.345771   -0.108526   -0.228456
-0.166055   -0.149698   -0.282877
-0.388142   0.368462   -0.494933
0.19241   -0.134336   0.274112
-0.0112681   0.048832   0.381326
-0.356668   -0.263332   -0.0427256
0.451464   -0.0200834   -0.460569
0.237552   0.0837503   0.12145
0.091716   0.415484   0.337617
-0.0408423   -0.289593   0.123858
-0.160136   -0.45957   0.376922
-0.136783   -0.224388   0.00261722
-0.456398   -0.380216   0.469039
-0.427498   -0.146904   -0.489377
0.173725   0.400097   -0.186572
0.0977904   -0.43167   -0.18714
-0.0940589   -0.0707444   0.0275575
-0.484335   -0.0696143   -0.426543
0.418319   -0.403246   0.45402
0.449178   0.43923   -0.294448
0.418753   -0.0675216   0.231968
-0.197847   -0.237525   -0.0752274
