1.49464   0.943691   -0.993745
-1.43986   -0.900059   0.0819247
1.08648   -0.47385   -0.391155
-0.321701   -1.82498   -0.185068
1.47563   1.56096   -0.575155
0.397012   0.147538   1.48835
1.18681   0.798296   -0.479158
-0.343567   0.554072   -2.37332
0.271172   1.59281   0.616054
-1.54065   1.86152   0.551475
-1.45278   1.76325   -1.90399
0.344588   0.807634   -1.23532
1.2122   1.3724   -0.761995
-0.572434   -0.38291   0.489433
1.24097   -0.00173003   -0.581485
0.75299   0.804943   -0.757906
-0.856255   2.7893   -0.451835
0.170567   -0.475508   -0.161963
-0.49136   2.00832   -0.228752
-0.876753   0.509183   0.358172
-1.25601   -0.263514   0.0193606
-0.911771   0.369559   -0.0173822
1.02921   0.96005   0.982151
0.951862   0.669896   1.2651
0.844789   -0.774915   0.0653759
1.45131   -0.782105   1.11134
1.467   0.225588   -2.22813
-1.07005   -1.5329   -0.123575
2.06764   1.35561   -1.13811
-0.357337   -0.592933   -0.816461
-0.236735   -0.121092   -0.604548
-2.58418   0.801984   0.943371
0.663156   -0.27618   0.756942
0.175013   1.84201   1.0101
-0.706045   0.920224   -0.0710812
1.48571   -1.66738   -0.764066
1.94092   -2.51879   -0.991377
-0.93983   1.89252   -0.929063
0.149612   0.132396   -0.0149153
0.199199   -0.812949   0.00980686
-0.453564   1.25839   0.733665
-1.40648   -0.893066   -1.19761
0.0297932   -2.02701   2.29315
0.596927   1.52576   0.850368
-2.07372   0.359545   -0.704921
0.33448   -0.117004   -0.121777
0.728287   -1.15643   1.19088
-0.209699   -0.715061   -0.119447
0.296533   -0.577745   -0.418011
0.0522582   -2.57657   -0.720608
0.160892   1.26761   0.550743
1.0678   -0.226115   0.0232342
-1.21206   0.0572936   1.64201
0.16433   -0.632143   0.0105641
-1.30214   1.04188   -0.261826
0.735481   -0.637614   0.0627184
0.13292   -0.816207   0.335504
-0.319764   0.408373   -1.78437
0.955099   -0.905197   1.66588
0.651509   1.24394   -0.926485
-1.64877   -0.723148   0.0772043
-1.06302   1.11948   -0.0046825
-0.20478   -0.422963   0.362105
0.0438058   -0.350513   0.338168
0.606714   -0.475345   0.878303
0.918264   0.940552   0.0841844
-0.742307   -1.4419   0.815232
1.20152   -1.15015   -2.94873
-1.57145   -1.30995   -1.92267
-0.600775   1.84265   1.24354
-0.122829   0.213661   -0.320385
-0.200603   1.50703   0.225809
0.226034   -1.01633   -0.837221
1.2942   -0.253935   -0.970034
1.20295   -0.797555   0.383952
0.537978   -2.22721   -0.315186
-0.854862   0.234078   2.30987
-2.6108   0.532731   -0.737464
-0.382809   1.35894   0.235118
0.233713   0.551099   -0.0651953
-1.47418   -0.987201   0.840267
1.24505   -0.408833   1.66048
1.05123   0.54041   -0.100297
-1.1863   -1.99724   -0.676918
0.654903   0.98808   0.0370861
-0.388731   -2.66363   -0.178667
-1.67677   0.300892   0.652669
2.12037   -1.09796   2.0164
-0.741448   -1.26779   0.0791512
2.31129   -0.713123   -0.180322
-1.45492   0.691669   2.74217
0.127706   0.322727   -0.762027
-2.28831   0.150351   -1.10465
0.261201   1.5105   1.46933
-0.51921   -2.06606   -2.34641
0.858102   0.471899   -0.662655
0.633581   -1.28006   -0.760318
0.488748   0.671528   -0.0257206
0.694006   1.17547   0.336351
0.624098   1.41996   0.741951
-0.618462   0.801016   -0.950485
0.928734   -0.149441   1.73114
-0.973963   -1.88117   -0.173486
-0.695628   -2.55949   1.28406
0.187607   0.667599   -1.26393
0.199991   1.98536   1.33216
-0.167215   -0.0314402   1.43606
-1.49369   -1.88982   -0.0783559
