0.183098   -0.327911   -0.203331
-0.0370166   -0.46489   -0.0170195
-0.397698   -0.0335077   0.486125
0.0702279   -0.0812651   0.0492357
-0.0858965   -0.109118   -0.396586
-0.000715004   0.349236   0.130357
0.466908   0.373321   -0.0671154
-0.495601   -0.0775693   -0.124961
0.432549   0.428435   -0.329961
-0.474142   -0.24641   0.402291
-0.403305   0.461233   0.310868
0.465542   -0.372547   0.00445449
-0.073459   0.22495   0.309295
0.257704   0.228079   -0.136171
-0.162264   -0.252184   -0.180454
-0.328299   -0.398812   0.200103
-0.367563   -0.227169   -0.0239894
-0.484528   0.159727   0.325989
0.400477   0.337302   0.330369
0.330237   0.288784   -0.473148
0.38671   -0.0581449   0.363499
0.265742   -0.181854   -0.301785
-0.119759   -0.433516   0.237376
0.486933   -0.276963   -0.374189
0.328357   -0.48946   -0.128254
0.192628   0.443924   0.3442
0.191149   -0.436508   -0.00915266
0.423736   -0.478675   0.438395
0.197318   0.293549   0.0576338
0.196859   -0.142955   0.484627
-0.236307   0.0439019   -0.406039
0.391656   0.071842   -0.484732
-0.199679   0.382166   0.0349991
0.228999   -0.103282   0.219498
0.189371   0.0992706   -0.30026
-0.376633   -0.312892   -0.20855
-0.223581   0.384179   0.238674
0.309828   -0.324548   -0.447462
-0.277321   -0.0572455   -0.139161
0.405164   0.113662   -0.0595095
-0.212978   0.223827   -0.370964
0.0851342   0.272095   -0.322596
-0.383842   0.177407   -0.467943
-0.455598   0.347628   0.462018
-0.365638   0.278803   0.13594
-0.316543   -0.189617   0.290484
-0.0509882   -0.103315   0.204498
0.0445429   0.189855   -0.021249
-0.0900359   -0.0182809   -0.036716
-0.405009   0.0507322   0.0415547
-0.476668   -0.185797   0.162323
-0.0719487   0.442032   -0.356785
0.0744697   -0.472834   0.175301
0.238364   0.127889   0.413085
-0.15863   0.20464   -0.0285673
-0.294333   -0.164466   -0.347375
0.0464159   0.0958058   0.148771
-0.0548775   0.136724   -0.436271
0.0900118   -0.488841   -0.429621
-0.275759   0.171509   -0.19834
0.129968   0.284021   0.267074
0.309684   -0.312523   0.118265
0.255129   0.111597   0.204063
-0.425098   0.0375028   -0.293805
0.0980434   0.015911   -0.473819
0.0277937   -0.472403   -0.225332
0.0536211   -0.00565886   0.339051
0.273033   -0.260574   0.337084
-0.269942   -0.362186   0.415796
-0.176148   0.0280486   0.395372
0.214819   0.433471   -0.27862
-0.0195257   0.428479   0.371466
-0.4695   0.445773   0.103266
-0.419272   -0.0126488   0.216673
-0.284684   0.209953   0.34042
0.227555   0.0147918   -0.0892763
-0.108901   0.0430695   -0.227573
0.404202   -0.00556881   0.12267
0.470932   0.2153   -0.244524
-0.0800583   0.2764   -0.187105
-0.235845   -0.410268   -0.326034
0.293641   0.470131   0.130364
-0.384783   -0.480176   -0.111178
0.0975141   0.367803   -0.109663
-0.272473   0.383769   -0.197553
0.350041   -0.12945   -0.0250738
0.447065   -0.390293   0.250729
-0.387836   0.344307   -0.344341
-0.386541   0.263044   -0.0735931
0.0163041   -0.123635   -0.184973
-0.265715   -0.0671162   0.0707763
-0.240031   0.43915   0.462511
-0.388093   -0.452131   -0.433183
0.403025   -0.0899189   -0.410334
-0.235701   -0.419017   0.00336829
0.411288   -0.302574   -0.19134
-0.219578   -0.174104   0.465339
0.0839497   -0.348314   0.347323
0.398564   0.260892   0.125239
0.0657558   -0.259321   -0.368946
0.353422   0.0166329   -0.234268
-0.218989   0.151609   0.160714
0.119452   0.3236   0.492668
-0.0287299   -0.197864   0.413475
0.090721   -0.255699   0.187407
-0.0710277   -0.375482   0.481057
0.0507193   -0.270005   -0.0515652
-0.0811638   -0.28035   0.0860221
