-1.37052   0.336814   0.572654
0.68063   0.00829343   -1.00613
-0.78454   -1.21126   1.31754
-1.22528   0.0862684   -0.329939
-0.573602   0.670805   -1.19257
0.668025   -0.888616   0.965012
-1.52232   -0.730984   0.256055
1.92753   0.179585   -1.26119
-0.995533   -0.292946   -1.78788
-0.152601   0.464422   0.203045
-0.819686   0.397011   -0.471398
2.18179   -0.490229   1.71345
-0.191492   0.0309433   0.224743
-1.31424   -0.84026   -0.196161
0.364262   0.413863   0.259452
1.08386   0.637365   -0.532122
-0.271789   -2.50754   0.12189
0.79748   0.954386   1.13868
-0.113851   0.778858   -0.727485
-0.315653   0.492997   -1.21366
-0.629555   0.234907   0.307554
-0.124081   -0.821465   1.27216
-2.44032   0.484835   -0.777031
0.0770301   -0.769053   -1.17371
-0.0750315   -2.23945   -0.473581
2.02911   2.21636   2.56227
0.153289   -0.638666   0.0482925
0.0314513   1.07206   1.08823
-1.26897   0.648699   1.75204
0.82037   0.795034   -0.843191
-0.625057   -1.23191   0.869256
-0.137564   0.273968   -0.399685
1.27869   0.0666041   0.122978
-0.0811403   1.14464   -1.11063
1.07796   -0.661013   -1.32826
-0.749432   1.87858   1.7221
-0.535663   0.365127   0.73861
0.49939   -0.970462   -0.437668
0.555359   0.701294   -0.211538
-0.961139   -1.13372   0.877593
-0.55518   -0.121498   -1.06268
2.05117   0.956161   -1.12121
-0.284941   1.11257   -0.0992297
0.356404   -1.08173   -1.86167
-0.00237525   0.908408   -0.584225
0.754529   0.981695   0.843562
-0.591992   -1.18473   -0.787878
-1.77846   0.996379   0.225879
-0.390754   -0.596234   -1.51244
0.424734   0.892644   2.02575
0.189377   -1.99258   1.07289
-2.30803   -0.155195   -0.122164
0.51647   0.835715   -0.188317
-0.971704   -0.204217   -0.884442
-0.551291   -0.565325   1.04261
-1.39967   0.864208   -0.461643
2.7115   0.324821   -0.684948
-0.158748   -1.10253   -0.289605
0.318959   0.821944   0.453905
0.0741711   1.42347   1.16636
-2.91568   -0.57615   0.715484
-1.87488   -2.01535   -0.285884
1.73467   0.0959082   -0.0775583
0.281465   1.86823   -0.643876
0.0796333   1.36534   -0.89872
0.987295   0.638421   -0.59996
1.26655   0.339628   1.30504
-0.612922   -1.47638   1.01844
0.788109   1.71372   0.851547
0.392529   -0.311131   -1.12409
0.57444   0.644633   1.43945
0.140119   0.830256   -1.31883
-1.20741   -0.242831   0.363679
0.385817   -1.09968   1.33843
-0.408925   -0.780989   -1.50618
0.160551   1.24806   1.14405
-1.3898   0.384016   -0.260379
0.503016   0.0107305   -1.01766
-0.307669   -1.20759   1.30242
1.89855   0.411788   1.38535
-0.193868   -0.743151   -0.520852
-1.03573   -0.613654   -1.47886
1.80465   0.0202838   0.375935
1.31591   -2.41863   -2.83523
0.157772   0.102721   2.15833
-0.906639   -3.45905   0.217047
0.167168   0.907623   -0.543518
-0.818208   -0.460216   -1.94558
1.5534   1.18197   0.611389
0.103729   -0.338384   0.638528
0.886244   -0.561285   -0.436827
0.249513   -0.303469   0.17148
-0.477868   1.61305   -0.175716
-0.374833   0.617088   -0.118268
-0.0460097   -0.26715   -2.21691
-0.0916511   -1.08471   -1.09787
2.14064   0.286618   1.8621
1.46673   0.941335   -0.168003
0.590619   0.430373   0.438864
0.259822   0.165189   0.814356
-0.295288   -1.24962   0.212776
0.703339   -1.89972   -0.0734883
-0.391689   0.311413   -0.154746
0.550433   1.59541   -0.347278
-1.73975   0.424274   0.861304
-0.287066   -0.856781   0.603028
-1.21915   1.62114   0.700257
0.100961   -0.823405   -0.513322
