0.48849   0.494389   0.493377
-0.32992   -0.313407   -0.499913
-0.491844   -0.328748   -0.347085
-0.348252   -0.494942   -0.331913
-0.167809   -0.495979   -0.476576
0.00153277   -0.315999   -0.479525
-0.160263   -0.331067   -0.32334
-0.00823702   0.489415   -0.319351
0.185714   -0.495833   0.49028
0.355814   -0.31238   0.488928
0.179198   -0.33196   -0.350876
0.337182   -0.492106   -0.345903
-0.489886   -0.153249   -0.489636
-0.31459   0.0142386   -0.461027
0.483601   -0.00422295   -0.313508
-0.33354   -0.160647   -0.320481
-0.17669   -0.17373   -0.494129
-0.00918625   0.0112191   -0.492682
-0.145788   0.00224015   -0.338216
0.0161387   -0.169467   -0.32238
0.176133   -0.186082   0.48249
0.336592   -0.0156755   0.488055
0.152398   -0.00829646   -0.351197
0.352962   -0.168777   -0.333791
-0.488683   0.158081   0.479112
-0.358639   0.330575   -0.486813
0.471569   0.322989   -0.325045
-0.355001   0.183761   -0.325078
-0.168918   0.188445   -0.485634
0.0113736   0.314496   -0.468186
-0.183109   0.34721   -0.321968
0.00955963   0.156656   -0.32985
0.163218   0.16392   0.491292
0.33653   0.324588   0.482061
0.166314   0.351064   -0.343639
0.332352   0.147456   -0.345391
0.492216   0.494408   -0.163682
-0.325761   -0.336228   -0.162385
-0.483601   -0.327664   -0.0135009
-0.329046   0.492788   -0.0110635
-0.16973   0.49428   -0.171549
-0.00647637   -0.351368   -0.168234
-0.162985   -0.328948   0.00635392
-0.00584514   -0.498447   -0.00302117
0.18873   0.497843   -0.16192
0.340572   -0.338887   -0.158392
0.148171   -0.333957   -0.00824327
0.335668   0.485568   0.0123971
0.488315   -0.163794   -0.165282
-0.32473   0.0099643   -0.180607
-0.492637   -0.00255633   -0.00246605
-0.323821   -0.150381   -0.00209603
-0.159728   -0.160937   -0.168727
0.00194407   -0.013277   -0.173758
-0.18056   0.0119961   -0.00563612
-0.00119783   -0.166234   -0.00345925
0.175368   -0.168668   -0.187051
0.323739   0.00712908   -0.14423
0.152004   0.000985649   -0.00264842
0.323885   -0.144322   0.0024748
0.483402   0.164341   -0.153378
-0.352573   0.335362   -0.153136
-0.494807   0.347602   0.0197549
-0.328012   0.176347   0.00616165
-0.160652   0.185054   -0.175037
-0.00450878   0.343329   -0.162873
-0.16571   0.346864   -0.00172381
0.00969979   0.176543   -0.00910345
0.154737   0.160114   -0.179483
0.317778   0.324637   -0.17417
0.153994   0.337003   0.0217993
0.340736   0.154226   0.0112721
-0.479406   0.499428   0.178126
-0.311404   -0.334173   0.160652
-0.486451   -0.336731   0.317961
-0.325356   -0.495285   0.352939
-0.162581   -0.499703   0.1623
-0.0029859   -0.351857   0.161042
-0.168737   -0.353105   0.328133
-0.0240145   0.488562   0.34748
0.164005   0.499567   0.166286
0.34409   -0.329399   0.130615
0.162607   -0.335719   0.31938
0.319144   -0.495779   0.320756
-0.495291   -0.163342   0.149839
-0.313734   -0.0147312   0.17228
0.487341   -0.00286602   0.326629
-0.328718   -0.179252   0.320752
-0.150632   -0.175249   0.158454
-0.00267066   0.00336426   0.159675
-0.188982   -0.00239771   0.355068
-0.0179341   -0.160458   0.33255
0.160609   -0.155636   0.163518
0.326842   -0.00487546   0.169882
0.173093   -0.00527126   0.335471
0.335382   -0.170105   0.312743
-0.49001   0.149414   0.159101
-0.322063   0.332842   0.165102
-0.493638   0.337987   0.319267
-0.328529   0.174196   0.328513
-0.168564   0.162009   0.157743
-0.00301963   0.334415   0.173628
-0.180292   0.344645   0.351058
0.0137576   0.169942   0.333578
0.14996   0.155572   0.158353
0.340061   0.319993   0.167491
0.145858   0.337667   0.341817
0.337339   0.147436   0.35617
