-0.159457   -0.977638   -0.237879
-0.356654   -0.594457   -0.316139
-0.200984   0.110748   0.912029
1.07112   -0.667829   0.199419
0.933713   -1.35145   -0.0393233
-0.512806   0.787794   1.32239
-0.0494261   1.45071   0.617932
0.222243   1.21034   0.287044
-0.312655   0.515655   1.82124
0.591865   0.377691   -0.777717
0.683555   -0.395282   -0.458726
-0.0628042   1.26089   1.53024
0.363668   -0.936587   0.628128
1.24319   -1.77829   -0.540329
0.664867   0.214873   -0.263768
-1.34095   1.82002   0.241508
-0.851294   -1.51195   1.66801
0.230055   -0.012573   0.426319
0.227111   0.0957912   0.236527
0.350901   1.13012   0.277094
0.419734   0.719073   -1.54982
0.293791   1.01753   -0.195258
-0.215735   0.44682   1.51945
-0.265058   -0.932546   1.59186
-0.353906   0.0842008   -0.738036
-0.362737   1.08617   -1.25001
0.118947   1.37193   -1.24362
-0.301836   -1.21195   -1.09312
-0.789528   0.362105   -0.181213
1.44088   -0.446457   -0.516005
-0.999045   1.56321   0.0615342
0.150403   -0.398416   1.33885
-1.45373   -0.867276   -0.671621
0.790838   -0.532031   -0.508547
-2.11728   -0.693695   0.329118
-0.445616   0.0245456   -0.26289
-0.797982   0.325961   0.0666883
0.389341   -0.686345   0.257253
1.39819   -0.401322   -0.476662
-0.558028   -0.930281   -0.928047
0.788184   -1.80909   0.70488
-1.19489   -1.90173   0.0944978
0.0659917   0.527655   -1.39487
1.06815   -1.04868   2.01267
-0.394012   -2.04295   -0.235473
0.517314   0.42143   1.11009
-1.37036   0.970184   -0.237858
-0.175189   0.0565256   -2.0001
-0.282682   0.58994   -0.887957
0.503824   0.748586   0.00655817
-1.81498   -1.01216   1.04196
1.04071   1.48066   -0.964375
0.299583   -0.139656   0.532151
0.47934   -0.816484   0.149443
-0.417244   -0.594065   -0.562825
-0.210459   -0.189788   1.45294
1.62991   -0.3013   -0.496999
-0.271855   0.334373   -0.356628
-0.895173   1.21034   0.603522
0.667527   -0.174908   0.0594731
0.616791   0.0452305   -1.14413
0.650051   1.19917   0.252077
-0.416189   1.13285   -0.279857
1.8592   0.700893   0.290719
-0.957411   0.794252   -0.824405
1.33254   -0.419755   0.403441
1.21725   -1.39595   -0.776017
-0.0964579   -0.259102   0.257821
0.0585523   0.421435   0.83134
-1.76049   -1.11382   0.0600716
0.692798   -1.4115   0.823391
-0.0206845   1.3668   0.783108
-0.194912   -0.201287   0.342679
0.62943   -0.0996665   0.326153
-1.19664   -0.620021   0.515945
-0.186696   0.532206   -1.14837
0.15435   0.158123   1.41357
-0.272576   0.81797   -0.615388
0.364413   0.0145042   1.75186
0.262389   1.0165   -0.0617236
0.200562   -0.683627   0.0382803
0.0909572   0.339264   0.338585
-0.831995   -0.307728   -0.773499
0.424128   -0.270949   0.195735
0.579336   -0.48293   -1.29949
0.168345   0.116795   -0.387998
0.59908   -0.64839   1.99517
0.44621   0.890518   0.904567
1.61888   0.257016   -0.0332697
-1.37326   -0.398306   -1.91608
-0.565242   1.91439   -0.246777
-0.189041   -0.63775   1.26535
0.553679   0.221336   -0.256592
0.126388   1.94281   -0.0105681
-1.10437   -1.18592   -0.35608
-1.45351   0.184455   -0.229281
-0.251246   0.793718   0.830656
0.788056   0.311862   -0.833585
0.593749   0.0885248   0.00681695
1.13333   0.425127   0.754432
-0.778234   -1.7341   -0.19708
0.202133   -0.101008   -1.29501
-1.22661   1.2215   -1.58724
0.828192   0.670531   -0.655326
0.0369803   -0.461036   -0.199746
-0.349571   -1.07729   0.129206
-1.4584   0.421787   -1.75621
-0.654869   -1.44812   -1.34227
