0.497906   0.499261   0.49206
-0.339558   -0.338797   0.492222
-0.49403   -0.346919   -0.330786
-0.321018   0.499947   -0.322908
-0.164656   0.497233   -0.47778
-0.000751758   -0.342359   0.491027
-0.162878   -0.328813   -0.325896
0.012362   -0.486702   -0.327758
0.160135   0.497751   -0.495276
0.335105   -0.335255   -0.499577
0.162907   -0.323063   -0.339956
0.344612   0.489375   -0.350374
-0.494872   -0.162089   -0.498827
-0.315463   -0.0110703   -0.489375
-0.497529   0.000996585   -0.328766
-0.333619   -0.167636   -0.338722
-0.162812   -0.179246   -0.489854
-0.00149093   -0.0040585   -0.499565
-0.159095   -0.00578096   -0.31422
0.00350934   -0.164413   -0.328395
0.159952   -0.159946   0.489278
0.325516   0.0137937   -0.488358
0.171893   -0.000665385   -0.342422
0.331923   -0.155453   -0.342147
-0.462311   0.161829   -0.494717
-0.315297   0.335242   0.489923
-0.476595   0.333028   -0.342494
-0.328451   0.175185   -0.321316
-0.162539   0.177743   -0.490501
0.0073488   0.320015   0.497465
-0.169385   0.330555   -0.319582
-0.00282137   0.16236   -0.32722
0.15986   0.164539   -0.485059
0.336984   0.313993   0.474682
0.158588   0.320921   -0.33031
0.32438   0.172428   -0.33045
0.494683   -0.487359   -0.16905
-0.331388   -0.332   -0.157472
0.484215   -0.317287   -0.0025739
-0.323406   -0.483578   -0.00300359
-0.146402   0.487818   -0.160245
-0.00400308   -0.321902   -0.167832
-0.16096   -0.349679   -0.0138612
0.0250937   0.490714   0.00878868
0.165945   -0.499604   -0.174485
0.33665   -0.330251   -0.18063
0.169833   -0.347267   -0.015724
0.328096   -0.496335   0.00557306
-0.489622   -0.168301   -0.171134
-0.329972   0.00477138   -0.186794
0.491952   0.00294967   -0.00784637
-0.338962   -0.155052   -0.0104537
-0.162494   -0.15271   -0.16197
0.00565874   0.000224814   -0.138741
-0.204674   -0.00637738   0.0146036
0.00228006   -0.183407   0.00229973
0.155053   -0.158662   -0.173485
0.339248   -0.00705814   -0.171903
0.164918   -0.00437375   -0.00302942
0.338922   -0.162135   -0.00742435
0.492201   0.181346   -0.181607
-0.342225   0.339595   -0.160687
0.460889   0.332511   -0.00243134
-0.350813   0.157557   0.00184994
-0.172283   0.17484   -0.156398
0.0151785   0.326748   -0.141646
-0.183236   0.326211   0.00816537
-0.0028002   0.184823   0.00710177
0.17414   0.162564   -0.15947
0.337875   0.351599   -0.174913
0.191687   0.33353   0.00170544
0.326815   0.158615   -0.0126573
-0.49156   -0.49582   0.153671
-0.343408   -0.32031   0.173372
0.489803   -0.327296   0.33351
-0.326273   -0.483802   0.323491
-0.150847   -0.479342   0.167828
0.0158314   -0.328012   0.171653
-0.169301   -0.331218   0.322467
-0.0102907   -0.498692   0.341618
0.17516   0.496239   0.172919
0.32606   -0.326764   0.161571
0.166422   -0.323651   0.338467
0.339   -0.497513   0.333847
0.495903   -0.155566   0.166645
-0.345916   0.0043403   0.176636
-0.49252   -0.00236061   0.336581
-0.3382   -0.169673   0.326833
-0.158416   -0.19144   0.150742
-0.0112643   0.0212996   0.141122
-0.164694   -0.0026694   0.313868
-0.00655219   -0.174269   0.339604
0.173952   -0.15514   0.156647
0.339473   -0.00441685   0.174084
0.133198   0.00534393   0.32991
0.328638   -0.149693   0.345707
0.492663   0.153604   0.163172
-0.349957   0.325017   0.151608
-0.48697   0.330082   0.327199
-0.314118   0.147596   0.342604
-0.188466   0.163313   0.163672
-0.0137349   0.333976   0.181834
-0.185978   0.338162   0.320535
-0.0163329   0.165079   0.322784
0.169198   0.165753   0.172615
0.341588   0.315198   0.191279
0.165405   0.30241   0.334947
0.326603   0.143229   0.338293
