-0.485198   1.22201   -0.174665
0.402716   -0.176173   -1.62066
-1.55165   -0.42013   -0.552783
-0.808311   -0.570229   -0.891549
-0.209929   0.634588   -0.689639
1.31286   0.550614   -0.221809
0.0335438   -0.0723039   -1.69367
-0.508138   -0.501153   0.142531
0.408026   0.43018   1.80787
-0.336334   0.708868   -0.0115218
1.55814   -0.073267   -0.0884857
-1.64634   0.577263   -0.202834
-1.91454   -1.40915   -0.187509
0.0184301   -0.0982651   -0.0208428
0.651187   0.431138   2.10165
-1.01012   -0.976589   -0.399848
-1.08438   -1.31086   -0.00015459
2.00567   1.90245   0.725999
1.5288   0.69728   1.19297
0.298163   -1.04348   -0.843017
0.86699   0.651372   -1.2783
0.408207   0.2703   -0.130179
-1.70445   -0.0494945   0.41908
-0.265787   1.62227   0.63149
1.66066   0.135072   -0.95521
-0.0987407   -0.191999   0.0697613
-1.64404   -2.3851   -1.06067
0.157458   0.432858   1.66665
-0.27316   -0.0930571   -0.92973
0.50173   -0.818135   1.33929
-0.240138   0.76934   -0.283862
1.19841   -2.13612   -0.423709
1.77867   -0.2347   1.22731
-1.01854   -0.0952709   0.242064
0.318862   -0.429976   -1.33858
-0.268999   0.856406   -0.442434
0.214636   -0.248419   0.295204
-0.318397   0.591796   -0.320322
-0.0893367   -0.212405   0.924457
2.27431   0.948272   -1.27454
-1.03842   1.03445   -0.270729
0.213981   0.286733   0.286507
-1.10841   0.276005   0.793893
-0.568797   -0.424836   -0.00627458
1.27848   -0.552633   1.18489
-0.279828   0.41597   -0.255517
1.69823   -1.15895   -0.389604
-0.666915   2.55657   0.896618
0.954459   0.104638   -0.850569
1.28375   1.22469   0.928255
1.09479   -1.14961   -0.103053
0.679878   1.13536   1.06707
0.540333   -0.144533   0.827648
0.74836   -0.400459   -0.72307
0.386002   -0.323991   0.943942
-0.487172   -1.08034   0.353666
1.83423   1.44144   -0.0178613
-1.51377   0.214365   0.829369
0.838878   -0.824224   1.96393
1.28301   0.950049   0.281342
0.605296   -1.51479   1.63565
-0.296217   -0.408325   -0.707095
-0.552353   0.0482246   1.21292
-0.679913   -0.397483   -1.25941
0.084734   -0.175405   -0.197316
0.940485   -0.0270948   -1.72445
-0.623121   0.657914   -1.49657
1.98885   0.0636115   1.94902
-0.457864   -0.584921   -0.523025
-0.124944   -0.306332   -1.1134
1.16985   -0.783217   0.359827
-0.772916   0.582172   -0.34161
-0.452977   -0.292492   0.653379
-0.309751   0.302944   0.188618
-0.659124   -0.0175597   -0.602941
0.484998   1.06115   1.03943
-0.387301   2.19504   0.983639
0.4094   -0.327748   -1.03757
-0.275083   -0.0609026   -1.0087
0.760762   0.348855   0.567557
-0.864011   0.665786   0.483273
0.249278   -0.947757   -0.0266094
-0.0188782   0.382183   -0.937317
-0.659949   0.534773   1.40844
-0.634785   -0.769323   -0.191782
-0.172775   0.988688   -0.185953
0.471227   0.931841   -0.517168
-2.70176   -1.25616   -0.546729
0.741264   -0.0763943   -1.34428
-2.32995   -0.700304   -1.29758
-0.494881   -0.102128   0.484438
0.449302   0.786397   -0.891206
1.32219   1.00636   1.33314
-1.66173   0.126005   1.85646
-0.436648   -1.40529   -1.49531
-0.182548   -0.0766487   1.08631
-1.20301   2.13348   1.66565
0.198319   -0.117103   -0.0122002
1.25346   -0.739001   -0.579559
-0.225532   -1.06003   0.185036
-0.533754   -1.10344   -0.349094
-1.1243   -0.0590897   -0.787822
-0.542328   -0.420225   -0.762352
-1.55701   -1.51987   0.0178076
0.693639   1.76424   0.305483
-0.0250804   -0.568814   -0.532298
-0.739197   -2.32992   -1.08676
0.584619   0.101625   -0.350223
