-0.494269   -0.0670807   0.368396
-0.142767   -0.497768   -0.113762
0.179811   0.0197647   0.398403
0.209355   -0.385925   -0.183993
-0.396719   -0.197908   0.315451
-0.0633795   0.373026   0.222768
-0.383426   -0.424298   -0.0747335
-0.469748   -0.39733   -0.443554
-0.258831   0.297549   -0.178695
-0.352055   -0.409411   0.187953
-0.365033   0.144719   0.497828
0.213845   0.256544   0.0800626
-0.316186   -0.0647697   0.141792
0.108764   0.41762   0.374382
0.493584   0.280626   -0.486242
-0.199537   -0.424934   0.0850295
-0.345939   -0.118753   -0.426022
0.0721411   -0.0472906   -0.451718
-0.12225   0.314851   0.391941
0.236175   0.422298   -0.169043
0.182752   -0.0928667   -0.101415
-0.42598   -0.297234   0.389242
-0.210409   -0.265166   -0.0320353
0.22356   -0.0738549   0.446553
-0.0186091   -0.462941   0.301819
0.454887   -0.186683   0.19197
-0.468627   -0.405682   0.144463
-0.154069   -0.000429653   -0.169806
-0.453319   -0.323248   -0.37904
0.425922   0.380395   0.320282
-0.141284   -0.0537656   -0.428748
0.257438   -0.453779   0.120893
0.370929   -0.283656   0.324134
-0.0477533   -0.168513   0.059054
-0.0689937   -0.173944   -0.412457
0.392603   -0.287376   0.408882
0.301933   0.0580845   0.085503
0.0521236   0.0847583   0.400574
0.295897   0.114828   -0.0322853
0.140211   -0.321482   0.00624026
-0.0873281   0.321668   -0.18338
0.243604   -0.165445   0.0400492
0.148697   0.135269   -0.424262
0.346566   0.0156766   -0.180438
-0.140568   -0.391966   0.138051
0.148011   -0.322633   -0.362182
-0.370259   0.146669   0.18512
-0.286185   0.190949   0.0277477
-0.457725   -0.0773132   -0.24784
0.147348   0.315693   -0.243087
-0.329492   0.115651   0.12059
-0.261621   -0.360716   0.224842
0.326109   0.233962   -0.187074
0.147912   -0.0456221   -0.49051
0.0500267   0.257871   0.148751
0.411159   0.109077   -0.00714373
0.488477   -0.363467   -0.165702
0.12345   0.29251   -0.162828
0.396937   -0.393158   0.0367211
0.0342979   -0.12699   -0.325555
0.450375   -0.250879   0.113455
0.265167   0.0230142   0.409687
-0.337492   -0.320321   0.39115
-0.103545   -0.492874   -0.407173
-0.291876   0.176177   -0.25262
0.0870706   0.223796   0.338263
-0.457739   0.0785253   0.349366
0.180116   0.0592576   0.234519
-0.423777   0.381908   0.150163
-0.00277659   0.428077   -0.390291
-0.209683   0.25453   -0.263856
-0.228654   0.0484295   -0.12791
-0.055752   -0.327677   0.227155
0.297029   0.0931198   -0.383734
0.466325   -0.35221   -0.25384
-0.386734   0.183542   0.100899
0.487423   0.213993   0.426835
-0.334619   0.464039   -0.115412
0.053481   0.434055   0.121414
-0.0516394   0.00215258   0.359347
-0.116514   -0.484298   0.417133
-0.0633876   -0.236315   0.280128
-0.151614   0.233881   0.139426
-0.315876   0.384969   0.105687
-0.0997778   -0.070564   0.259207
-0.0640327   0.202159   0.173569
-0.0159213   -0.116267   0.316209
0.255296   0.0223758   -0.375083
-0.302785   0.251831   -0.236561
0.293973   0.441285   -0.303315
-0.0351707   0.0632803   0.102422
-0.290345   0.455625   0.113425
-0.263282   -0.263885   0.368901
0.0869722   -0.301416   0.334464
-0.143097   0.371974   0.475804
0.278438   0.46025   0.193478
-0.383515   -0.381643   0.397405
0.125893   0.278905   0.212125
0.471044   0.387348   -0.172942
0.360862   -0.168985   -0.447376
0.229831   0.0950446   -0.33193
0.183897   -0.187848   0.302006
-0.389327   -0.098402   -0.0493919
0.232502   0.347636   -0.308033
-0.0242808   0.34029   0.423167
0.164492   0.0624092   0.471461
-0.132619   -0.293405   -0.348924
-0.0236007   -0.0493919   0.0534371
